{"/home/travis/build/npmtest/node-npmtest-fv/test.js":{"path":"/home/travis/build/npmtest/node-npmtest-fv/test.js","s":{"1":2,"2":2,"3":2,"4":2,"5":2,"6":2,"7":2,"8":1,"9":2,"10":2,"11":1,"12":1,"13":1,"14":1,"15":2,"16":2,"17":2,"18":2,"19":1,"20":1,"21":2,"22":2,"23":2,"24":1,"25":1,"26":1,"27":1,"28":1,"29":1,"30":1,"31":1,"32":1,"33":1,"34":1,"35":1,"36":1,"37":1,"38":1,"39":2,"40":2,"41":1,"42":2,"43":2,"44":1,"45":2,"46":2,"47":1,"48":2,"49":2,"50":1,"51":1,"52":1,"53":1,"54":1},"b":{"1":[2,1,1,1],"2":[1,1,1,1],"3":[1,1],"4":[1,1],"5":[1,1],"6":[1,1],"7":[1,1],"8":[1,1],"9":[1,1],"10":[1,1,1],"11":[1,1],"12":[1,1],"13":[1,1],"14":[1,1],"15":[1,1],"16":[1,1],"17":[1,1]},"f":{"1":2,"2":2,"3":2,"4":2,"5":2,"6":1,"7":1,"8":1,"9":2,"10":2,"11":2,"12":2,"13":1},"fnMap":{"1":{"name":"(anonymous_1)","line":12,"loc":{"start":{"line":12,"column":1},"end":{"line":12,"column":13}}},"2":{"name":"(anonymous_2)","line":19,"loc":{"start":{"line":19,"column":5},"end":{"line":19,"column":17}}},"3":{"name":"(anonymous_3)","line":23,"loc":{"start":{"line":23,"column":24},"end":{"line":23,"column":36}}},"4":{"name":"(anonymous_4)","line":61,"loc":{"start":{"line":61,"column":5},"end":{"line":61,"column":17}}},"5":{"name":"(anonymous_5)","line":82,"loc":{"start":{"line":82,"column":5},"end":{"line":82,"column":17}}},"6":{"name":"(anonymous_6)","line":91,"loc":{"start":{"line":91,"column":77},"end":{"line":94,"column":10}}},"7":{"name":"(anonymous_7)","line":112,"loc":{"start":{"line":112,"column":83},"end":{"line":115,"column":10}},"skip":true},"8":{"name":"(anonymous_8)","line":123,"loc":{"start":{"line":123,"column":77},"end":{"line":126,"column":10}},"skip":true},"9":{"name":"(anonymous_9)","line":139,"loc":{"start":{"line":139,"column":12},"end":{"line":139,"column":40}},"skip":true},"10":{"name":"(anonymous_10)","line":147,"loc":{"start":{"line":147,"column":77},"end":{"line":150,"column":10}},"skip":true},"11":{"name":"(anonymous_11)","line":158,"loc":{"start":{"line":158,"column":83},"end":{"line":161,"column":10}},"skip":true},"12":{"name":"(anonymous_12)","line":169,"loc":{"start":{"line":169,"column":79},"end":{"line":172,"column":10}},"skip":true},"13":{"name":"(anonymous_13)","line":180,"loc":{"start":{"line":180,"column":75},"end":{"line":183,"column":10}},"skip":true}},"statementMap":{"1":{"start":{"line":12,"column":0},"end":{"line":195,"column":5}},"2":{"start":{"line":14,"column":4},"end":{"line":14,"column":14}},"3":{"start":{"line":19,"column":4},"end":{"line":56,"column":9}},"4":{"start":{"line":21,"column":8},"end":{"line":21,"column":19}},"5":{"start":{"line":23,"column":8},"end":{"line":35,"column":13}},"6":{"start":{"line":24,"column":12},"end":{"line":34,"column":13}},"7":{"start":{"line":25,"column":16},"end":{"line":28,"column":30}},"8":{"start":{"line":30,"column":16},"end":{"line":33,"column":27}},"9":{"start":{"line":37,"column":8},"end":{"line":39,"column":21}},"10":{"start":{"line":40,"column":8},"end":{"line":53,"column":9}},"11":{"start":{"line":43,"column":12},"end":{"line":46,"column":14}},"12":{"start":{"line":47,"column":12},"end":{"line":47,"column":18}},"13":{"start":{"line":50,"column":12},"end":{"line":51,"column":33}},"14":{"start":{"line":52,"column":12},"end":{"line":52,"column":18}},"15":{"start":{"line":55,"column":8},"end":{"line":55,"column":35}},"16":{"start":{"line":61,"column":4},"end":{"line":63,"column":9}},"17":{"start":{"line":62,"column":8},"end":{"line":62,"column":15}},"18":{"start":{"line":64,"column":4},"end":{"line":77,"column":5}},"19":{"start":{"line":70,"column":8},"end":{"line":70,"column":14}},"20":{"start":{"line":76,"column":8},"end":{"line":76,"column":14}},"21":{"start":{"line":82,"column":4},"end":{"line":84,"column":9}},"22":{"start":{"line":83,"column":8},"end":{"line":83,"column":15}},"23":{"start":{"line":85,"column":4},"end":{"line":194,"column":5}},"24":{"start":{"line":91,"column":8},"end":{"line":99,"column":10}},"25":{"start":{"line":98,"column":12},"end":{"line":98,"column":35}},"26":{"start":{"line":102,"column":8},"end":{"line":104,"column":63}},"27":{"start":{"line":105,"column":8},"end":{"line":105,"column":14}},"28":{"start":{"line":112,"column":8},"end":{"line":121,"column":10},"skip":true},"29":{"start":{"line":119,"column":12},"end":{"line":119,"column":55},"skip":true},"30":{"start":{"line":120,"column":12},"end":{"line":120,"column":48},"skip":true},"31":{"start":{"line":123,"column":8},"end":{"line":136,"column":10},"skip":true},"32":{"start":{"line":130,"column":12},"end":{"line":130,"column":76},"skip":true},"33":{"start":{"line":131,"column":12},"end":{"line":131,"column":73},"skip":true},"34":{"start":{"line":132,"column":12},"end":{"line":132,"column":74},"skip":true},"35":{"start":{"line":133,"column":12},"end":{"line":133,"column":79},"skip":true},"36":{"start":{"line":134,"column":12},"end":{"line":134,"column":25},"skip":true},"37":{"start":{"line":135,"column":12},"end":{"line":135,"column":45},"skip":true},"38":{"start":{"line":138,"column":8},"end":{"line":145,"column":14},"skip":true},"39":{"start":{"line":143,"column":16},"end":{"line":143,"column":29},"skip":true},"40":{"start":{"line":144,"column":16},"end":{"line":144,"column":55},"skip":true},"41":{"start":{"line":147,"column":8},"end":{"line":156,"column":10},"skip":true},"42":{"start":{"line":154,"column":12},"end":{"line":154,"column":25},"skip":true},"43":{"start":{"line":155,"column":12},"end":{"line":155,"column":45},"skip":true},"44":{"start":{"line":158,"column":8},"end":{"line":167,"column":10},"skip":true},"45":{"start":{"line":165,"column":12},"end":{"line":165,"column":25},"skip":true},"46":{"start":{"line":166,"column":12},"end":{"line":166,"column":48},"skip":true},"47":{"start":{"line":169,"column":8},"end":{"line":178,"column":10},"skip":true},"48":{"start":{"line":176,"column":12},"end":{"line":176,"column":25},"skip":true},"49":{"start":{"line":177,"column":12},"end":{"line":177,"column":46},"skip":true},"50":{"start":{"line":180,"column":8},"end":{"line":189,"column":10},"skip":true},"51":{"start":{"line":187,"column":12},"end":{"line":187,"column":94},"skip":true},"52":{"start":{"line":188,"column":12},"end":{"line":188,"column":48},"skip":true},"53":{"start":{"line":192,"column":8},"end":{"line":192,"column":35},"skip":true},"54":{"start":{"line":193,"column":8},"end":{"line":193,"column":14},"skip":true}},"branchMap":{"1":{"line":25,"type":"binary-expr","locations":[{"start":{"line":25,"column":23},"end":{"line":25,"column":62}},{"start":{"line":26,"column":20},"end":{"line":26,"column":70}},{"start":{"line":27,"column":20},"end":{"line":27,"column":71}},{"start":{"line":28,"column":20},"end":{"line":28,"column":29}}]},"2":{"line":30,"type":"binary-expr","locations":[{"start":{"line":30,"column":23},"end":{"line":30,"column":37}},{"start":{"line":31,"column":20},"end":{"line":31,"column":61}},{"start":{"line":32,"column":20},"end":{"line":32,"column":70}},{"start":{"line":33,"column":20},"end":{"line":33,"column":26}}]},"3":{"line":37,"type":"cond-expr","locations":[{"start":{"line":38,"column":14},"end":{"line":38,"column":20}},{"start":{"line":39,"column":14},"end":{"line":39,"column":20}}]},"4":{"line":40,"type":"switch","locations":[{"start":{"line":42,"column":8},"end":{"line":47,"column":18}},{"start":{"line":49,"column":8},"end":{"line":52,"column":18}}]},"5":{"line":44,"type":"binary-expr","locations":[{"start":{"line":44,"column":16},"end":{"line":44,"column":44}},{"start":{"line":44,"column":48},"end":{"line":44,"column":66}}]},"6":{"line":50,"type":"binary-expr","locations":[{"start":{"line":50,"column":21},"end":{"line":50,"column":49}},{"start":{"line":50,"column":53},"end":{"line":50,"column":72}}]},"7":{"line":64,"type":"switch","locations":[{"start":{"line":69,"column":4},"end":{"line":70,"column":14}},{"start":{"line":75,"column":4},"end":{"line":76,"column":14}}]},"8":{"line":85,"type":"switch","locations":[{"start":{"line":90,"column":4},"end":{"line":105,"column":14}},{"start":{"line":111,"column":4},"end":{"line":193,"column":14},"skip":true}]},"9":{"line":91,"type":"binary-expr","locations":[{"start":{"line":91,"column":42},"end":{"line":91,"column":73}},{"start":{"line":91,"column":77},"end":{"line":99,"column":9}}]},"10":{"line":102,"type":"binary-expr","locations":[{"start":{"line":102,"column":18},"end":{"line":102,"column":32}},{"start":{"line":103,"column":12},"end":{"line":103,"column":53}},{"start":{"line":104,"column":12},"end":{"line":104,"column":61}}]},"11":{"line":112,"type":"binary-expr","locations":[{"start":{"line":112,"column":45},"end":{"line":112,"column":79},"skip":true},{"start":{"line":112,"column":83},"end":{"line":121,"column":9},"skip":true}]},"12":{"line":123,"type":"binary-expr","locations":[{"start":{"line":123,"column":42},"end":{"line":123,"column":73},"skip":true},{"start":{"line":123,"column":77},"end":{"line":136,"column":9},"skip":true}]},"13":{"line":138,"type":"binary-expr","locations":[{"start":{"line":138,"column":48},"end":{"line":138,"column":85},"skip":true},{"start":{"line":139,"column":12},"end":{"line":145,"column":13},"skip":true}]},"14":{"line":147,"type":"binary-expr","locations":[{"start":{"line":147,"column":42},"end":{"line":147,"column":73},"skip":true},{"start":{"line":147,"column":77},"end":{"line":156,"column":9},"skip":true}]},"15":{"line":158,"type":"binary-expr","locations":[{"start":{"line":158,"column":45},"end":{"line":158,"column":79},"skip":true},{"start":{"line":158,"column":83},"end":{"line":167,"column":9},"skip":true}]},"16":{"line":169,"type":"binary-expr","locations":[{"start":{"line":169,"column":43},"end":{"line":169,"column":75},"skip":true},{"start":{"line":169,"column":79},"end":{"line":178,"column":9},"skip":true}]},"17":{"line":180,"type":"binary-expr","locations":[{"start":{"line":180,"column":41},"end":{"line":180,"column":71},"skip":true},{"start":{"line":180,"column":75},"end":{"line":189,"column":9},"skip":true}]}},"code":["/* istanbul instrument in package npmtest_fv */","/*jslint","    bitwise: true,","    browser: true,","    maxerr: 8,","    maxlen: 96,","    node: true,","    nomen: true,","    regexp: true,","    stupid: true","*/","(function () {","    'use strict';","    var local;","","","","    // run shared js-env code - pre-init","    (function () {","        // init local","        local = {};","        // init modeJs","        local.modeJs = (function () {","            try {","                return typeof navigator.userAgent === 'string' &&","                    typeof document.querySelector('body') === 'object' &&","                    typeof XMLHttpRequest.prototype.open === 'function' &&","                    'browser';","            } catch (errorCaughtBrowser) {","                return module.exports &&","                    typeof process.versions.node === 'string' &&","                    typeof require('http').createServer === 'function' &&","                    'node';","            }","        }());","        // init global","        local.global = local.modeJs === 'browser'","            ? window","            : global;","        switch (local.modeJs) {","        // re-init local from window.local","        case 'browser':","            local = local.global.utility2.objectSetDefault(","                local.global.utility2_rollup || local.global.local,","                local.global.utility2","            );","            break;","        // re-init local from example.js","        case 'node':","            local = (local.global.utility2_rollup || require('utility2'))","                .requireReadme();","            break;","        }","        // export local","        local.global.local = local;","    }());","","","","    // run shared js-env code - function","    (function () {","        return;","    }());","    switch (local.modeJs) {","","","","    // run browser js-env code - function","    case 'browser':","        break;","","","","    // run node js-env code - function","    case 'node':","        break;","    }","","","","    // run shared js-env code - post-init","    (function () {","        return;","    }());","    switch (local.modeJs) {","","","","    // run browser js-env code - post-init","    case 'browser':","        local.testCase_browser_nullCase = local.testCase_browser_nullCase || function (","            options,","            onError","        ) {","        /*","         * this function will test browsers's null-case handling-behavior-behavior","         */","            onError(null, options);","        };","","        // run tests","        local.nop(local.modeTest &&","            document.querySelector('#testRunButton1') &&","            document.querySelector('#testRunButton1').click());","        break;","","","","    // run node js-env code - post-init","    /* istanbul ignore next */","    case 'node':","        local.testCase_buildApidoc_default = local.testCase_buildApidoc_default || function (","            options,","            onError","        ) {","        /*","         * this function will test buildApidoc's default handling-behavior-behavior","         */","            options = { modulePathList: module.paths };","            local.buildApidoc(options, onError);","        };","","        local.testCase_buildApp_default = local.testCase_buildApp_default || function (","            options,","            onError","        ) {","        /*","         * this function will test buildApp's default handling-behavior-behavior","         */","            local.testCase_buildReadme_default(options, local.onErrorThrow);","            local.testCase_buildLib_default(options, local.onErrorThrow);","            local.testCase_buildTest_default(options, local.onErrorThrow);","            local.testCase_buildCustomOrg_default(options, local.onErrorThrow);","            options = [];","            local.buildApp(options, onError);","        };","","        local.testCase_buildCustomOrg_default = local.testCase_buildCustomOrg_default ||","            function (options, onError) {","            /*","             * this function will test buildCustomOrg's default handling-behavior","             */","                options = {};","                local.buildCustomOrg(options, onError);","            };","","        local.testCase_buildLib_default = local.testCase_buildLib_default || function (","            options,","            onError","        ) {","        /*","         * this function will test buildLib's default handling-behavior","         */","            options = {};","            local.buildLib(options, onError);","        };","","        local.testCase_buildReadme_default = local.testCase_buildReadme_default || function (","            options,","            onError","        ) {","        /*","         * this function will test buildReadme's default handling-behavior-behavior","         */","            options = {};","            local.buildReadme(options, onError);","        };","","        local.testCase_buildTest_default = local.testCase_buildTest_default || function (","            options,","            onError","        ) {","        /*","         * this function will test buildTest's default handling-behavior","         */","            options = {};","            local.buildTest(options, onError);","        };","","        local.testCase_webpage_default = local.testCase_webpage_default || function (","            options,","            onError","        ) {","        /*","         * this function will test webpage's default handling-behavior","         */","            options = { modeCoverageMerge: true, url: local.serverLocalHost + '?modeTest=1' };","            local.browserTest(options, onError);","        };","","        // run test-server","        local.testRunServer(local);","        break;","    }","}());",""],"l":{"12":2,"14":2,"19":2,"21":2,"23":2,"24":2,"25":2,"30":1,"37":2,"40":2,"43":1,"47":1,"50":1,"52":1,"55":2,"61":2,"62":2,"64":2,"70":1,"76":1,"82":2,"83":2,"85":2,"91":1,"98":1,"102":1,"105":1,"112":1,"119":1,"120":1,"123":1,"130":1,"131":1,"132":1,"133":1,"134":1,"135":1,"138":1,"143":2,"144":2,"147":1,"154":2,"155":2,"158":1,"165":2,"166":2,"169":1,"176":2,"177":2,"180":1,"187":1,"188":1,"192":1,"193":1}},"/home/travis/build/npmtest/node-npmtest-fv/lib.npmtest_fv.js":{"path":"/home/travis/build/npmtest/node-npmtest-fv/lib.npmtest_fv.js","s":{"1":2,"2":2,"3":2,"4":2,"5":2,"6":2,"7":2,"8":1,"9":2,"10":2,"11":2,"12":2,"13":1,"14":1,"15":1,"16":1},"b":{"1":[2,1,1,1],"2":[1,1,1,1],"3":[1,1],"4":[2,2],"5":[1,1]},"f":{"1":2,"2":2,"3":2},"fnMap":{"1":{"name":"(anonymous_1)","line":12,"loc":{"start":{"line":12,"column":1},"end":{"line":12,"column":13}}},"2":{"name":"(anonymous_2)","line":19,"loc":{"start":{"line":19,"column":5},"end":{"line":19,"column":17}}},"3":{"name":"(anonymous_3)","line":23,"loc":{"start":{"line":23,"column":24},"end":{"line":23,"column":36}}}},"statementMap":{"1":{"start":{"line":12,"column":0},"end":{"line":53,"column":5}},"2":{"start":{"line":14,"column":4},"end":{"line":14,"column":14}},"3":{"start":{"line":19,"column":4},"end":{"line":52,"column":9}},"4":{"start":{"line":21,"column":8},"end":{"line":21,"column":19}},"5":{"start":{"line":23,"column":8},"end":{"line":35,"column":13}},"6":{"start":{"line":24,"column":12},"end":{"line":34,"column":13}},"7":{"start":{"line":25,"column":16},"end":{"line":28,"column":30}},"8":{"start":{"line":30,"column":16},"end":{"line":33,"column":27}},"9":{"start":{"line":37,"column":8},"end":{"line":39,"column":21}},"10":{"start":{"line":41,"column":8},"end":{"line":41,"column":54}},"11":{"start":{"line":43,"column":8},"end":{"line":43,"column":47}},"12":{"start":{"line":45,"column":8},"end":{"line":51,"column":9}},"13":{"start":{"line":46,"column":12},"end":{"line":46,"column":53}},"14":{"start":{"line":48,"column":12},"end":{"line":48,"column":35}},"15":{"start":{"line":49,"column":12},"end":{"line":49,"column":49}},"16":{"start":{"line":50,"column":12},"end":{"line":50,"column":43}}},"branchMap":{"1":{"line":25,"type":"binary-expr","locations":[{"start":{"line":25,"column":23},"end":{"line":25,"column":62}},{"start":{"line":26,"column":20},"end":{"line":26,"column":70}},{"start":{"line":27,"column":20},"end":{"line":27,"column":71}},{"start":{"line":28,"column":20},"end":{"line":28,"column":29}}]},"2":{"line":30,"type":"binary-expr","locations":[{"start":{"line":30,"column":23},"end":{"line":30,"column":37}},{"start":{"line":31,"column":20},"end":{"line":31,"column":61}},{"start":{"line":32,"column":20},"end":{"line":32,"column":70}},{"start":{"line":33,"column":20},"end":{"line":33,"column":26}}]},"3":{"line":37,"type":"cond-expr","locations":[{"start":{"line":38,"column":14},"end":{"line":38,"column":20}},{"start":{"line":39,"column":14},"end":{"line":39,"column":20}}]},"4":{"line":41,"type":"binary-expr","locations":[{"start":{"line":41,"column":16},"end":{"line":41,"column":44}},{"start":{"line":41,"column":48},"end":{"line":41,"column":53}}]},"5":{"line":45,"type":"if","locations":[{"start":{"line":45,"column":8},"end":{"line":45,"column":8}},{"start":{"line":45,"column":8},"end":{"line":45,"column":8}}]}},"code":["/* istanbul instrument in package npmtest_fv */","/*jslint","    bitwise: true,","    browser: true,","    maxerr: 8,","    maxlen: 96,","    node: true,","    nomen: true,","    regexp: true,","    stupid: true","*/","(function () {","    'use strict';","    var local;","","","","    // run shared js-env code - pre-init","    (function () {","        // init local","        local = {};","        // init modeJs","        local.modeJs = (function () {","            try {","                return typeof navigator.userAgent === 'string' &&","                    typeof document.querySelector('body') === 'object' &&","                    typeof XMLHttpRequest.prototype.open === 'function' &&","                    'browser';","            } catch (errorCaughtBrowser) {","                return module.exports &&","                    typeof process.versions.node === 'string' &&","                    typeof require('http').createServer === 'function' &&","                    'node';","            }","        }());","        // init global","        local.global = local.modeJs === 'browser'","            ? window","            : global;","        // init utility2_rollup","        local = local.global.utility2_rollup || local;","        // init lib","        local.local = local.npmtest_fv = local;","        // init exports","        if (local.modeJs === 'browser') {","            local.global.utility2_npmtest_fv = local;","        } else {","            module.exports = local;","            module.exports.__dirname = __dirname;","            module.exports.module = module;","        }","    }());","}());",""],"l":{"12":2,"14":2,"19":2,"21":2,"23":2,"24":2,"25":2,"30":1,"37":2,"41":2,"43":2,"45":2,"46":1,"48":1,"49":1,"50":1}},"/home/travis/build/npmtest/node-npmtest-fv/example.js":{"path":"/home/travis/build/npmtest/node-npmtest-fv/example.js","s":{"1":2,"2":2,"3":2,"4":2,"5":2,"6":2,"7":2,"8":1,"9":2,"10":2,"11":2,"12":2,"13":1,"14":2,"15":2,"16":2,"17":2,"18":2,"19":0,"20":2,"21":1,"22":1,"23":1,"24":1,"25":1,"26":0,"27":0,"28":1,"29":1,"30":2,"31":0,"32":0,"33":0,"34":1,"35":2,"36":2,"37":3,"38":3,"39":3,"40":3,"41":0,"42":3,"43":3,"44":3,"45":1,"46":3,"47":1,"48":1,"49":1,"50":1,"51":1,"52":1,"53":1,"54":1,"55":1,"56":1,"57":0,"58":1,"59":6,"60":6,"61":1,"62":2,"63":0,"64":2,"65":1,"66":1,"67":0,"68":0,"69":0,"70":0,"71":0,"72":0,"73":0,"74":0,"75":0,"76":0,"77":0,"78":0,"79":0,"80":0,"81":0,"82":0,"83":0},"b":{"1":[2,1,1,1],"2":[1,1,1,1],"3":[1,1],"4":[2,2],"5":[1,1],"6":[1,1],"7":[2,0],"8":[2,1,1,1,1,1],"9":[0,2,0],"10":[1,1],"11":[2,1,1],"12":[1,0],"13":[0,2],"14":[2,0,0,0,0,0,0],"15":[0,3],"16":[3,0],"17":[1,1],"18":[0,1],"19":[1,2,0,2],"20":[1,0],"21":[1,1],"22":[0,0],"23":[0,0],"24":[0,0],"25":[0,0],"26":[0,0],"27":[0,0],"28":[0,0]},"f":{"1":2,"2":2,"3":2,"4":2,"5":2,"6":2,"7":3,"8":3,"9":3,"10":1,"11":6,"12":0},"fnMap":{"1":{"name":"(anonymous_1)","line":26,"loc":{"start":{"line":26,"column":1},"end":{"line":26,"column":13}}},"2":{"name":"(anonymous_2)","line":33,"loc":{"start":{"line":33,"column":5},"end":{"line":33,"column":17}}},"3":{"name":"(anonymous_3)","line":37,"loc":{"start":{"line":37,"column":24},"end":{"line":37,"column":36}}},"4":{"name":"(anonymous_4)","line":69,"loc":{"start":{"line":69,"column":31},"end":{"line":69,"column":48}},"skip":true},"5":{"name":"(anonymous_5)","line":78,"loc":{"start":{"line":78,"column":26},"end":{"line":78,"column":45}},"skip":true},"6":{"name":"(anonymous_6)","line":123,"loc":{"start":{"line":123,"column":33},"end":{"line":123,"column":48}},"skip":true},"7":{"name":"(anonymous_7)","line":125,"loc":{"start":{"line":125,"column":27},"end":{"line":125,"column":39}},"skip":true},"8":{"name":"(anonymous_8)","line":133,"loc":{"start":{"line":133,"column":59},"end":{"line":133,"column":74}},"skip":true},"9":{"name":"(anonymous_9)","line":143,"loc":{"start":{"line":143,"column":45},"end":{"line":143,"column":62}},"skip":true},"10":{"name":"(anonymous_10)","line":144,"loc":{"start":{"line":144,"column":73},"end":{"line":144,"column":92}},"skip":true},"11":{"name":"(anonymous_11)","line":272,"loc":{"start":{"line":272,"column":51},"end":{"line":272,"column":77}},"skip":true},"12":{"name":"(anonymous_12)","line":315,"loc":{"start":{"line":315,"column":32},"end":{"line":315,"column":61}},"skip":true}},"statementMap":{"1":{"start":{"line":26,"column":0},"end":{"line":326,"column":5}},"2":{"start":{"line":28,"column":4},"end":{"line":28,"column":14}},"3":{"start":{"line":33,"column":4},"end":{"line":60,"column":9}},"4":{"start":{"line":35,"column":8},"end":{"line":35,"column":19}},"5":{"start":{"line":37,"column":8},"end":{"line":49,"column":13}},"6":{"start":{"line":38,"column":12},"end":{"line":48,"column":13}},"7":{"start":{"line":39,"column":16},"end":{"line":42,"column":30}},"8":{"start":{"line":44,"column":16},"end":{"line":47,"column":27}},"9":{"start":{"line":51,"column":8},"end":{"line":53,"column":21}},"10":{"start":{"line":55,"column":8},"end":{"line":57,"column":45}},"11":{"start":{"line":59,"column":8},"end":{"line":59,"column":35}},"12":{"start":{"line":61,"column":4},"end":{"line":325,"column":5}},"13":{"start":{"line":69,"column":8},"end":{"line":121,"column":10},"skip":true},"14":{"start":{"line":70,"column":12},"end":{"line":88,"column":13},"skip":true},"15":{"start":{"line":76,"column":16},"end":{"line":87,"column":19},"skip":true},"16":{"start":{"line":79,"column":20},"end":{"line":86,"column":21},"skip":true},"17":{"start":{"line":82,"column":24},"end":{"line":82,"column":43},"skip":true},"18":{"start":{"line":83,"column":24},"end":{"line":83,"column":30},"skip":true},"19":{"start":{"line":85,"column":24},"end":{"line":85,"column":49},"skip":true},"20":{"start":{"line":89,"column":12},"end":{"line":107,"column":13},"skip":true},"21":{"start":{"line":92,"column":16},"end":{"line":102,"column":17},"skip":true},"22":{"start":{"line":93,"column":20},"end":{"line":93,"column":86},"skip":true},"23":{"start":{"line":94,"column":20},"end":{"line":95,"column":45},"skip":true},"24":{"start":{"line":96,"column":20},"end":{"line":96,"column":42},"skip":true},"25":{"start":{"line":97,"column":20},"end":{"line":97,"column":48},"skip":true},"26":{"start":{"line":100,"column":20},"end":{"line":100,"column":85},"skip":true},"27":{"start":{"line":101,"column":20},"end":{"line":101,"column":96},"skip":true},"28":{"start":{"line":103,"column":16},"end":{"line":103,"column":22},"skip":true},"29":{"start":{"line":106,"column":16},"end":{"line":106,"column":22},"skip":true},"30":{"start":{"line":108,"column":12},"end":{"line":120,"column":13},"skip":true},"31":{"start":{"line":114,"column":16},"end":{"line":119,"column":17},"skip":true},"32":{"start":{"line":116,"column":20},"end":{"line":116,"column":78},"skip":true},"33":{"start":{"line":118,"column":20},"end":{"line":118,"column":47},"skip":true},"34":{"start":{"line":123,"column":8},"end":{"line":141,"column":11},"skip":true},"35":{"start":{"line":124,"column":12},"end":{"line":124,"column":54},"skip":true},"36":{"start":{"line":125,"column":12},"end":{"line":140,"column":14},"skip":true},"37":{"start":{"line":126,"column":16},"end":{"line":126,"column":28},"skip":true},"38":{"start":{"line":127,"column":16},"end":{"line":127,"column":69},"skip":true},"39":{"start":{"line":128,"column":16},"end":{"line":128,"column":75},"skip":true},"40":{"start":{"line":129,"column":16},"end":{"line":131,"column":17},"skip":true},"41":{"start":{"line":130,"column":20},"end":{"line":130,"column":27},"skip":true},"42":{"start":{"line":133,"column":16},"end":{"line":137,"column":36},"skip":true},"43":{"start":{"line":134,"column":20},"end":{"line":136,"column":55},"skip":true},"44":{"start":{"line":139,"column":16},"end":{"line":139,"column":57},"skip":true},"45":{"start":{"line":143,"column":8},"end":{"line":147,"column":11},"skip":true},"46":{"start":{"line":144,"column":12},"end":{"line":146,"column":15},"skip":true},"47":{"start":{"line":145,"column":16},"end":{"line":145,"column":70},"skip":true},"48":{"start":{"line":149,"column":8},"end":{"line":149,"column":31},"skip":true},"49":{"start":{"line":150,"column":8},"end":{"line":150,"column":14},"skip":true},"50":{"start":{"line":158,"column":8},"end":{"line":158,"column":31},"skip":true},"51":{"start":{"line":160,"column":8},"end":{"line":160,"column":33},"skip":true},"52":{"start":{"line":161,"column":8},"end":{"line":161,"column":37},"skip":true},"53":{"start":{"line":162,"column":8},"end":{"line":162,"column":35},"skip":true},"54":{"start":{"line":164,"column":8},"end":{"line":164,"column":50},"skip":true},"55":{"start":{"line":166,"column":8},"end":{"line":256,"column":2},"skip":true},"56":{"start":{"line":258,"column":8},"end":{"line":286,"column":9},"skip":true},"57":{"start":{"line":259,"column":12},"end":{"line":269,"column":14},"skip":true},"58":{"start":{"line":271,"column":12},"end":{"line":285,"column":19},"skip":true},"59":{"start":{"line":274,"column":20},"end":{"line":274,"column":35},"skip":true},"60":{"start":{"line":275,"column":20},"end":{"line":284,"column":21},"skip":true},"61":{"start":{"line":277,"column":24},"end":{"line":277,"column":64},"skip":true},"62":{"start":{"line":279,"column":24},"end":{"line":279,"column":40},"skip":true},"63":{"start":{"line":281,"column":24},"end":{"line":281,"column":40},"skip":true},"64":{"start":{"line":283,"column":24},"end":{"line":283,"column":39},"skip":true},"65":{"start":{"line":288,"column":8},"end":{"line":290,"column":9},"skip":true},"66":{"start":{"line":289,"column":12},"end":{"line":289,"column":18},"skip":true},"67":{"start":{"line":291,"column":8},"end":{"line":293,"column":54},"skip":true},"68":{"start":{"line":296,"column":8},"end":{"line":301,"column":37},"skip":true},"69":{"start":{"line":303,"column":8},"end":{"line":303,"column":82},"skip":true},"70":{"start":{"line":306,"column":8},"end":{"line":308,"column":9},"skip":true},"71":{"start":{"line":307,"column":12},"end":{"line":307,"column":82},"skip":true},"72":{"start":{"line":310,"column":8},"end":{"line":312,"column":9},"skip":true},"73":{"start":{"line":311,"column":12},"end":{"line":311,"column":18},"skip":true},"74":{"start":{"line":313,"column":8},"end":{"line":313,"column":54},"skip":true},"75":{"start":{"line":314,"column":8},"end":{"line":314,"column":69},"skip":true},"76":{"start":{"line":315,"column":8},"end":{"line":323,"column":36},"skip":true},"77":{"start":{"line":316,"column":12},"end":{"line":316,"column":61},"skip":true},"78":{"start":{"line":317,"column":12},"end":{"line":320,"column":13},"skip":true},"79":{"start":{"line":318,"column":16},"end":{"line":318,"column":75},"skip":true},"80":{"start":{"line":319,"column":16},"end":{"line":319,"column":23},"skip":true},"81":{"start":{"line":321,"column":12},"end":{"line":321,"column":38},"skip":true},"82":{"start":{"line":322,"column":12},"end":{"line":322,"column":27},"skip":true},"83":{"start":{"line":324,"column":8},"end":{"line":324,"column":14},"skip":true}},"branchMap":{"1":{"line":39,"type":"binary-expr","locations":[{"start":{"line":39,"column":23},"end":{"line":39,"column":62}},{"start":{"line":40,"column":20},"end":{"line":40,"column":70}},{"start":{"line":41,"column":20},"end":{"line":41,"column":71}},{"start":{"line":42,"column":20},"end":{"line":42,"column":29}}]},"2":{"line":44,"type":"binary-expr","locations":[{"start":{"line":44,"column":23},"end":{"line":44,"column":37}},{"start":{"line":45,"column":20},"end":{"line":45,"column":61}},{"start":{"line":46,"column":20},"end":{"line":46,"column":70}},{"start":{"line":47,"column":20},"end":{"line":47,"column":26}}]},"3":{"line":51,"type":"cond-expr","locations":[{"start":{"line":52,"column":14},"end":{"line":52,"column":20}},{"start":{"line":53,"column":14},"end":{"line":53,"column":20}}]},"4":{"line":55,"type":"binary-expr","locations":[{"start":{"line":55,"column":16},"end":{"line":55,"column":44}},{"start":{"line":55,"column":49},"end":{"line":57,"column":43}}]},"5":{"line":55,"type":"cond-expr","locations":[{"start":{"line":56,"column":14},"end":{"line":56,"column":46}},{"start":{"line":57,"column":14},"end":{"line":57,"column":43}}]},"6":{"line":61,"type":"switch","locations":[{"start":{"line":68,"column":4},"end":{"line":150,"column":14},"skip":true},{"start":{"line":156,"column":4},"end":{"line":324,"column":14},"skip":true}]},"7":{"line":70,"type":"if","locations":[{"start":{"line":70,"column":12},"end":{"line":70,"column":12},"skip":true},{"start":{"line":70,"column":12},"end":{"line":70,"column":12},"skip":true}]},"8":{"line":70,"type":"binary-expr","locations":[{"start":{"line":70,"column":16},"end":{"line":70,"column":22},"skip":true},{"start":{"line":70,"column":27},"end":{"line":70,"column":32},"skip":true},{"start":{"line":71,"column":20},"end":{"line":71,"column":39},"skip":true},{"start":{"line":72,"column":20},"end":{"line":72,"column":49},"skip":true},{"start":{"line":73,"column":20},"end":{"line":73,"column":58},"skip":true},{"start":{"line":74,"column":20},"end":{"line":74,"column":69},"skip":true}]},"9":{"line":79,"type":"switch","locations":[{"start":{"line":80,"column":20},"end":{"line":80,"column":33},"skip":true},{"start":{"line":81,"column":20},"end":{"line":83,"column":30},"skip":true},{"start":{"line":84,"column":20},"end":{"line":85,"column":49},"skip":true}]},"10":{"line":89,"type":"switch","locations":[{"start":{"line":90,"column":12},"end":{"line":103,"column":22},"skip":true},{"start":{"line":105,"column":12},"end":{"line":106,"column":22},"skip":true}]},"11":{"line":89,"type":"binary-expr","locations":[{"start":{"line":89,"column":20},"end":{"line":89,"column":25},"skip":true},{"start":{"line":89,"column":29},"end":{"line":89,"column":48},"skip":true},{"start":{"line":89,"column":52},"end":{"line":89,"column":74},"skip":true}]},"12":{"line":92,"type":"if","locations":[{"start":{"line":92,"column":16},"end":{"line":92,"column":16},"skip":true},{"start":{"line":92,"column":16},"end":{"line":92,"column":16},"skip":true}]},"13":{"line":108,"type":"if","locations":[{"start":{"line":108,"column":12},"end":{"line":108,"column":12},"skip":true},{"start":{"line":108,"column":12},"end":{"line":108,"column":12},"skip":true}]},"14":{"line":108,"type":"binary-expr","locations":[{"start":{"line":108,"column":16},"end":{"line":108,"column":61},"skip":true},{"start":{"line":108,"column":66},"end":{"line":108,"column":72},"skip":true},{"start":{"line":108,"column":77},"end":{"line":108,"column":82},"skip":true},{"start":{"line":109,"column":20},"end":{"line":109,"column":39},"skip":true},{"start":{"line":110,"column":20},"end":{"line":110,"column":49},"skip":true},{"start":{"line":111,"column":20},"end":{"line":111,"column":58},"skip":true},{"start":{"line":112,"column":20},"end":{"line":112,"column":68},"skip":true}]},"15":{"line":129,"type":"if","locations":[{"start":{"line":129,"column":16},"end":{"line":129,"column":16},"skip":true},{"start":{"line":129,"column":16},"end":{"line":129,"column":16},"skip":true}]},"16":{"line":134,"type":"cond-expr","locations":[{"start":{"line":135,"column":26},"end":{"line":135,"column":29},"skip":true},{"start":{"line":136,"column":26},"end":{"line":136,"column":54},"skip":true}]},"17":{"line":164,"type":"binary-expr","locations":[{"start":{"line":164,"column":27},"end":{"line":164,"column":43},"skip":true},{"start":{"line":164,"column":47},"end":{"line":164,"column":49},"skip":true}]},"18":{"line":258,"type":"if","locations":[{"start":{"line":258,"column":8},"end":{"line":258,"column":8},"skip":true},{"start":{"line":258,"column":8},"end":{"line":258,"column":8},"skip":true}]},"19":{"line":275,"type":"switch","locations":[{"start":{"line":276,"column":20},"end":{"line":277,"column":64},"skip":true},{"start":{"line":278,"column":20},"end":{"line":279,"column":40},"skip":true},{"start":{"line":280,"column":20},"end":{"line":281,"column":40},"skip":true},{"start":{"line":282,"column":20},"end":{"line":283,"column":39},"skip":true}]},"20":{"line":288,"type":"if","locations":[{"start":{"line":288,"column":8},"end":{"line":288,"column":8},"skip":true},{"start":{"line":288,"column":8},"end":{"line":288,"column":8},"skip":true}]},"21":{"line":288,"type":"binary-expr","locations":[{"start":{"line":288,"column":12},"end":{"line":288,"column":40},"skip":true},{"start":{"line":288,"column":44},"end":{"line":288,"column":67},"skip":true}]},"22":{"line":292,"type":"binary-expr","locations":[{"start":{"line":292,"column":12},"end":{"line":292,"column":50},"skip":true},{"start":{"line":293,"column":12},"end":{"line":293,"column":53},"skip":true}]},"23":{"line":297,"type":"binary-expr","locations":[{"start":{"line":297,"column":12},"end":{"line":297,"column":60},"skip":true},{"start":{"line":298,"column":12},"end":{"line":301,"column":36},"skip":true}]},"24":{"line":303,"type":"binary-expr","locations":[{"start":{"line":303,"column":43},"end":{"line":303,"column":75},"skip":true},{"start":{"line":303,"column":79},"end":{"line":303,"column":81},"skip":true}]},"25":{"line":306,"type":"if","locations":[{"start":{"line":306,"column":8},"end":{"line":306,"column":8},"skip":true},{"start":{"line":306,"column":8},"end":{"line":306,"column":8},"skip":true}]},"26":{"line":310,"type":"if","locations":[{"start":{"line":310,"column":8},"end":{"line":310,"column":8},"skip":true},{"start":{"line":310,"column":8},"end":{"line":310,"column":8},"skip":true}]},"27":{"line":313,"type":"binary-expr","locations":[{"start":{"line":313,"column":27},"end":{"line":313,"column":43},"skip":true},{"start":{"line":313,"column":47},"end":{"line":313,"column":53},"skip":true}]},"28":{"line":317,"type":"if","locations":[{"start":{"line":317,"column":12},"end":{"line":317,"column":12},"skip":true},{"start":{"line":317,"column":12},"end":{"line":317,"column":12},"skip":true}]}},"code":["/*","example.js","","quickstart example","","instruction","    1. save this script as example.js","    2. run the shell command:","        $ npm install npmtest-fv && PORT=8081 node example.js","    3. play with the browser-demo on http://127.0.0.1:8081","*/","","","","/* istanbul instrument in package npmtest_fv */","/*jslint","    bitwise: true,","    browser: true,","    maxerr: 8,","    maxlen: 96,","    node: true,","    nomen: true,","    regexp: true,","    stupid: true","*/","(function () {","    'use strict';","    var local;","","","","    // run shared js-env code - pre-init","    (function () {","        // init local","        local = {};","        // init modeJs","        local.modeJs = (function () {","            try {","                return typeof navigator.userAgent === 'string' &&","                    typeof document.querySelector('body') === 'object' &&","                    typeof XMLHttpRequest.prototype.open === 'function' &&","                    'browser';","            } catch (errorCaughtBrowser) {","                return module.exports &&","                    typeof process.versions.node === 'string' &&","                    typeof require('http').createServer === 'function' &&","                    'node';","            }","        }());","        // init global","        local.global = local.modeJs === 'browser'","            ? window","            : global;","        // init utility2_rollup","        local = local.global.utility2_rollup || (local.modeJs === 'browser'","            ? local.global.utility2_npmtest_fv","            : global.utility2_moduleExports);","        // export local","        local.global.local = local;","    }());","    switch (local.modeJs) {","","","","    // post-init","    // run browser js-env code - post-init","    /* istanbul ignore next */","    case 'browser':","        local.testRunBrowser = function (event) {","            if (!event || (event &&","                    event.currentTarget &&","                    event.currentTarget.className &&","                    event.currentTarget.className.includes &&","                    event.currentTarget.className.includes('onreset'))) {","                // reset output","                Array.from(","                    document.querySelectorAll('body > .resettable')","                ).forEach(function (element) {","                    switch (element.tagName) {","                    case 'INPUT':","                    case 'TEXTAREA':","                        element.value = '';","                        break;","                    default:","                        element.textContent = '';","                    }","                });","            }","            switch (event && event.currentTarget && event.currentTarget.id) {","            case 'testRunButton1':","                // show tests","                if (document.querySelector('#testReportDiv1').style.display === 'none') {","                    document.querySelector('#testReportDiv1').style.display = 'block';","                    document.querySelector('#testRunButton1').textContent =","                        'hide internal test';","                    local.modeTest = true;","                    local.testRunDefault(local);","                // hide tests","                } else {","                    document.querySelector('#testReportDiv1').style.display = 'none';","                    document.querySelector('#testRunButton1').textContent = 'run internal test';","                }","                break;","            // custom-case","            default:","                break;","            }","            if (document.querySelector('#inputTextareaEval1') && (!event || (event &&","                    event.currentTarget &&","                    event.currentTarget.className &&","                    event.currentTarget.className.includes &&","                    event.currentTarget.className.includes('oneval')))) {","                // try to eval input-code","                try {","                    /*jslint evil: true*/","                    eval(document.querySelector('#inputTextareaEval1').value);","                } catch (errorCaught) {","                    console.error(errorCaught);","                }","            }","        };","        // log stderr and stdout to #outputTextareaStdout1","        ['error', 'log'].forEach(function (key) {","            console[key + '_original'] = console[key];","            console[key] = function () {","                var element;","                console[key + '_original'].apply(console, arguments);","                element = document.querySelector('#outputTextareaStdout1');","                if (!element) {","                    return;","                }","                // append text to #outputTextareaStdout1","                element.value += Array.from(arguments).map(function (arg) {","                    return typeof arg === 'string'","                        ? arg","                        : JSON.stringify(arg, null, 4);","                }).join(' ') + '\\n';","                // scroll textarea to bottom","                element.scrollTop = element.scrollHeight;","            };","        });","        // init event-handling","        ['change', 'click', 'keyup'].forEach(function (event) {","            Array.from(document.querySelectorAll('.on' + event)).forEach(function (element) {","                element.addEventListener(event, local.testRunBrowser);","            });","        });","        // run tests","        local.testRunBrowser();","        break;","","","","    // run node js-env code - post-init","    /* istanbul ignore next */","    case 'node':","        // export local","        module.exports = local;","        // require modules","        local.fs = require('fs');","        local.http = require('http');","        local.url = require('url');","        // init assets","        local.assetsDict = local.assetsDict || {};","        /* jslint-ignore-begin */","        local.assetsDict['/assets.index.template.html'] = '\\","<!doctype html>\\n\\","<html lang=\"en\">\\n\\","<head>\\n\\","<meta charset=\"UTF-8\">\\n\\","<meta name=\"viewport\" content=\"width=device-width, initial-scale=1\">\\n\\","<title>{{env.npm_package_name}} (v{{env.npm_package_version}})</title>\\n\\","<style>\\n\\","/*csslint\\n\\","    box-sizing: false,\\n\\","    universal-selector: false\\n\\","*/\\n\\","* {\\n\\","    box-sizing: border-box;\\n\\","}\\n\\","body {\\n\\","    background: #dde;\\n\\","    font-family: Arial, Helvetica, sans-serif;\\n\\","    margin: 2rem;\\n\\","}\\n\\","body > * {\\n\\","    margin-bottom: 1rem;\\n\\","}\\n\\",".utility2FooterDiv {\\n\\","    margin-top: 20px;\\n\\","    text-align: center;\\n\\","}\\n\\","</style>\\n\\","<style>\\n\\","/*csslint\\n\\","*/\\n\\","textarea {\\n\\","    font-family: monospace;\\n\\","    height: 10rem;\\n\\","    width: 100%;\\n\\","}\\n\\","textarea[readonly] {\\n\\","    background: #ddd;\\n\\","}\\n\\","</style>\\n\\","</head>\\n\\","<body>\\n\\","<!-- utility2-comment\\n\\","<div id=\"ajaxProgressDiv1\" style=\"background: #d00; height: 2px; left: 0; margin: 0; padding: 0; position: fixed; top: 0; transition: background 0.5s, width 1.5s; width: 25%;\"></div>\\n\\","utility2-comment -->\\n\\","<h1>\\n\\","<!-- utility2-comment\\n\\","    <a\\n\\","        {{#if env.npm_package_homepage}}\\n\\","        href=\"{{env.npm_package_homepage}}\"\\n\\","        {{/if env.npm_package_homepage}}\\n\\","        target=\"_blank\"\\n\\","    >\\n\\","utility2-comment -->\\n\\","        {{env.npm_package_name}} (v{{env.npm_package_version}})\\n\\","<!-- utility2-comment\\n\\","    </a>\\n\\","utility2-comment -->\\n\\","</h1>\\n\\","<h3>{{env.npm_package_description}}</h3>\\n\\","<!-- utility2-comment\\n\\","<h4><a download href=\"assets.app.js\">download standalone app</a></h4>\\n\\","<button class=\"onclick onreset\" id=\"testRunButton1\">run internal test</button><br>\\n\\","<div id=\"testReportDiv1\" style=\"display: none;\"></div>\\n\\","utility2-comment -->\\n\\","\\n\\","\\n\\","\\n\\","<label>stderr and stdout</label>\\n\\","<textarea class=\"resettable\" id=\"outputTextareaStdout1\" readonly></textarea>\\n\\","<!-- utility2-comment\\n\\","{{#if isRollup}}\\n\\","<script src=\"assets.app.js\"></script>\\n\\","{{#unless isRollup}}\\n\\","utility2-comment -->\\n\\","<script src=\"assets.utility2.rollup.js\"></script>\\n\\","<script src=\"jsonp.utility2._stateInit?callback=window.utility2._stateInit\"></script>\\n\\","<script src=\"assets.npmtest_fv.rollup.js\"></script>\\n\\","<script src=\"assets.example.js\"></script>\\n\\","<script src=\"assets.test.js\"></script>\\n\\","<!-- utility2-comment\\n\\","{{/if isRollup}}\\n\\","utility2-comment -->\\n\\","<div class=\"utility2FooterDiv\">\\n\\","    [ this app was created with\\n\\","    <a href=\"https://github.com/kaizhu256/node-utility2\" target=\"_blank\">utility2</a>\\n\\","    ]\\n\\","</div>\\n\\","</body>\\n\\","</html>\\n\\","';","        /* jslint-ignore-end */","        if (local.templateRender) {","            local.assetsDict['/'] = local.templateRender(","                local.assetsDict['/assets.index.template.html'],","                {","                    env: local.objectSetDefault(local.env, {","                        npm_package_description: 'the greatest app in the world!',","                        npm_package_name: 'my-app',","                        npm_package_nameAlias: 'my_app',","                        npm_package_version: '0.0.1'","                    })","                }","            );","        } else {","            local.assetsDict['/'] = local.assetsDict['/assets.index.template.html']","                .replace((/\\{\\{env\\.(\\w+?)\\}\\}/g), function (match0, match1) {","                    // jslint-hack","                    String(match0);","                    switch (match1) {","                    case 'npm_package_description':","                        return 'the greatest app in the world!';","                    case 'npm_package_name':","                        return 'my-app';","                    case 'npm_package_nameAlias':","                        return 'my_app';","                    case 'npm_package_version':","                        return '0.0.1';","                    }","                });","        }","        // run the cli","        if (local.global.utility2_rollup || module !== require.main) {","            break;","        }","        local.assetsDict['/assets.example.js'] =","            local.assetsDict['/assets.example.js'] ||","            local.fs.readFileSync(__filename, 'utf8');","        // bug-workaround - long $npm_package_buildCustomOrg","        /* jslint-ignore-begin */","        local.assetsDict['/assets.npmtest_fv.rollup.js'] =","            local.assetsDict['/assets.npmtest_fv.rollup.js'] ||","            local.fs.readFileSync(","                local.npmtest_fv.__dirname + '/lib.npmtest_fv.js',","                'utf8'","            ).replace((/^#!/), '//');","        /* jslint-ignore-end */","        local.assetsDict['/favicon.ico'] = local.assetsDict['/favicon.ico'] || '';","        // if $npm_config_timeout_exit exists,","        // then exit this process after $npm_config_timeout_exit ms","        if (Number(process.env.npm_config_timeout_exit)) {","            setTimeout(process.exit, Number(process.env.npm_config_timeout_exit));","        }","        // start server","        if (local.global.utility2_serverHttp1) {","            break;","        }","        process.env.PORT = process.env.PORT || '8081';","        console.error('server starting on port ' + process.env.PORT);","        local.http.createServer(function (request, response) {","            request.urlParsed = local.url.parse(request.url);","            if (local.assetsDict[request.urlParsed.pathname] !== undefined) {","                response.end(local.assetsDict[request.urlParsed.pathname]);","                return;","            }","            response.statusCode = 404;","            response.end();","        }).listen(process.env.PORT);","        break;","    }","}());",""],"l":{"26":2,"28":2,"33":2,"35":2,"37":2,"38":2,"39":2,"44":1,"51":2,"55":2,"59":2,"61":2,"69":1,"70":2,"76":2,"79":2,"82":2,"83":2,"85":1,"89":2,"92":1,"93":1,"94":1,"96":1,"97":1,"100":1,"101":1,"103":1,"106":1,"108":2,"114":1,"116":1,"118":1,"123":1,"124":2,"125":2,"126":3,"127":3,"128":3,"129":3,"130":1,"133":3,"134":3,"139":3,"143":1,"144":3,"145":1,"149":1,"150":1,"158":1,"160":1,"161":1,"162":1,"164":1,"166":1,"258":1,"259":1,"271":1,"274":6,"275":6,"277":1,"279":2,"281":1,"283":2,"288":1,"289":1,"291":1,"296":1,"303":1,"306":1,"307":1,"310":1,"311":1,"313":1,"314":1,"315":1,"316":1,"317":1,"318":1,"319":1,"321":1,"322":1,"324":1}},"/home/travis/build/npmtest/node-npmtest-fv/node_modules/fv/lib/index.js":{"path":"/home/travis/build/npmtest/node-npmtest-fv/node_modules/fv/lib/index.js","s":{"1":2,"2":0,"3":0,"4":0,"5":0,"6":0,"7":0,"8":0},"b":{},"f":{},"fnMap":{},"statementMap":{"1":{"start":{"line":2,"column":0},"end":{"line":2,"column":53}},"2":{"start":{"line":4,"column":0},"end":{"line":4,"column":85}},"3":{"start":{"line":6,"column":0},"end":{"line":6,"column":28}},"4":{"start":{"line":8,"column":0},"end":{"line":8,"column":64}},"5":{"start":{"line":10,"column":0},"end":{"line":10,"column":67}},"6":{"start":{"line":12,"column":0},"end":{"line":12,"column":60}},"7":{"start":{"line":14,"column":0},"end":{"line":14,"column":81}},"8":{"start":{"line":16,"column":0},"end":{"line":16,"column":67}}},"branchMap":{},"code":["// Generated by CoffeeScript 1.10.0","module.exports.FormReader = require('./form_reader');","","module.exports.estimateTransform = require('./estimate_transform').estimateTransform;","","module.exports.filters = {};","","module.exports.filters.binarize = require('./filters/binarize');","","module.exports.filters.darkenInk = require('./filters/darken_ink');","","module.exports.filters.deskew = require('./filters/deskew');","","module.exports.filters.filterBackground = require('./filters/filter_background');","","module.exports.filters.removeRed = require('./filters/remove_red');",""],"l":{"2":2,"4":0,"6":0,"8":0,"10":0,"12":0,"14":0,"16":0}},"/home/travis/build/npmtest/node-npmtest-fv/node_modules/fv/lib/form_reader.js":{"path":"/home/travis/build/npmtest/node-npmtest-fv/node_modules/fv/lib/form_reader.js","s":{"1":4,"2":0,"3":0,"4":4,"5":0,"6":0,"7":0,"8":0,"9":0,"10":0,"11":0,"12":0,"13":0,"14":0,"15":0,"16":0,"17":0,"18":0,"19":0,"20":0,"21":0,"22":0,"23":0,"24":0,"25":0,"26":0,"27":0,"28":0,"29":0,"30":0,"31":0,"32":0,"33":1,"34":0,"35":0,"36":0,"37":0,"38":0,"39":0,"40":0,"41":0,"42":0,"43":0,"44":0,"45":0,"46":0,"47":0,"48":0,"49":0,"50":0,"51":0,"52":0,"53":0,"54":0,"55":0,"56":0,"57":0,"58":0,"59":0,"60":0,"61":0,"62":0,"63":0,"64":0,"65":0,"66":0,"67":0,"68":0,"69":0,"70":0,"71":0,"72":0,"73":0,"74":0,"75":0,"76":0,"77":0,"78":0,"79":0,"80":0,"81":0,"82":0,"83":0,"84":0,"85":0,"86":0,"87":0,"88":0,"89":0,"90":0,"91":0,"92":0,"93":0,"94":0,"95":0,"96":1,"97":0,"98":0,"99":0,"100":0,"101":0,"102":0,"103":0,"104":0,"105":0,"106":0,"107":0,"108":0,"109":0,"110":0,"111":0,"112":0,"113":0,"114":0},"b":{"1":[0,0],"2":[0,0],"3":[0,0],"4":[0,0],"5":[0,0],"6":[0,0],"7":[0,0],"8":[0,0],"9":[0,0],"10":[0,0],"11":[0,0],"12":[0,0],"13":[0,0],"14":[0,0],"15":[0,0],"16":[0,0]},"f":{"1":0,"2":0,"3":0,"4":0,"5":0,"6":0,"7":0,"8":0,"9":0,"10":0,"11":0,"12":0,"13":0,"14":0,"15":0,"16":0},"fnMap":{"1":{"name":"(anonymous_1)","line":3,"loc":{"start":{"line":3,"column":9},"end":{"line":3,"column":25}}},"2":{"name":"(anonymous_2)","line":3,"loc":{"start":{"line":3,"column":34},"end":{"line":3,"column":44}}},"3":{"name":"(anonymous_3)","line":25,"loc":{"start":{"line":25,"column":14},"end":{"line":25,"column":40}}},"4":{"name":"(anonymous_4)","line":44,"loc":{"start":{"line":44,"column":16},"end":{"line":44,"column":32}}},"5":{"name":"(anonymous_5)","line":51,"loc":{"start":{"line":51,"column":8},"end":{"line":51,"column":19}}},"6":{"name":"Form","line":52,"loc":{"start":{"line":52,"column":2},"end":{"line":52,"column":32}}},"7":{"name":"(anonymous_7)","line":60,"loc":{"start":{"line":60,"column":25},"end":{"line":60,"column":50}}},"8":{"name":"(anonymous_8)","line":74,"loc":{"start":{"line":74,"column":37},"end":{"line":74,"column":64}}},"9":{"name":"(anonymous_9)","line":80,"loc":{"start":{"line":80,"column":7},"end":{"line":80,"column":21}}},"10":{"name":"(anonymous_10)","line":88,"loc":{"start":{"line":88,"column":27},"end":{"line":88,"column":38}}},"11":{"name":"(anonymous_11)","line":91,"loc":{"start":{"line":91,"column":19},"end":{"line":91,"column":35}}},"12":{"name":"(anonymous_12)","line":92,"loc":{"start":{"line":92,"column":13},"end":{"line":92,"column":34}}},"13":{"name":"(anonymous_13)","line":149,"loc":{"start":{"line":149,"column":28},"end":{"line":149,"column":39}}},"14":{"name":"(anonymous_14)","line":161,"loc":{"start":{"line":161,"column":31},"end":{"line":161,"column":42}}},"15":{"name":"FormReader","line":162,"loc":{"start":{"line":162,"column":2},"end":{"line":162,"column":40}}},"16":{"name":"(anonymous_16)","line":175,"loc":{"start":{"line":175,"column":30},"end":{"line":175,"column":41}}}},"statementMap":{"1":{"start":{"line":2,"column":0},"end":{"line":3,"column":83}},"2":{"start":{"line":3,"column":27},"end":{"line":3,"column":80}},"3":{"start":{"line":3,"column":46},"end":{"line":3,"column":77}},"4":{"start":{"line":5,"column":0},"end":{"line":5,"column":19}},"5":{"start":{"line":7,"column":0},"end":{"line":7,"column":25}},"6":{"start":{"line":9,"column":0},"end":{"line":9,"column":55}},"7":{"start":{"line":11,"column":0},"end":{"line":11,"column":61}},"8":{"start":{"line":13,"column":0},"end":{"line":13,"column":43}},"9":{"start":{"line":15,"column":0},"end":{"line":15,"column":70}},"10":{"start":{"line":17,"column":0},"end":{"line":17,"column":58}},"11":{"start":{"line":19,"column":0},"end":{"line":19,"column":46}},"12":{"start":{"line":21,"column":0},"end":{"line":21,"column":64}},"13":{"start":{"line":23,"column":0},"end":{"line":23,"column":36}},"14":{"start":{"line":25,"column":0},"end":{"line":42,"column":2}},"15":{"start":{"line":26,"column":2},"end":{"line":26,"column":30}},"16":{"start":{"line":27,"column":2},"end":{"line":29,"column":3}},"17":{"start":{"line":28,"column":4},"end":{"line":28,"column":11}},"18":{"start":{"line":30,"column":2},"end":{"line":30,"column":18}},"19":{"start":{"line":31,"column":2},"end":{"line":31,"column":30}},"20":{"start":{"line":32,"column":2},"end":{"line":38,"column":3}},"21":{"start":{"line":33,"column":4},"end":{"line":33,"column":18}},"22":{"start":{"line":34,"column":4},"end":{"line":34,"column":22}},"23":{"start":{"line":35,"column":4},"end":{"line":37,"column":5}},"24":{"start":{"line":36,"column":6},"end":{"line":36,"column":13}},"25":{"start":{"line":39,"column":2},"end":{"line":41,"column":3}},"26":{"start":{"line":40,"column":4},"end":{"line":40,"column":16}},"27":{"start":{"line":44,"column":0},"end":{"line":49,"column":2}},"28":{"start":{"line":45,"column":2},"end":{"line":45,"column":20}},"29":{"start":{"line":46,"column":2},"end":{"line":46,"column":1420}},"30":{"start":{"line":47,"column":2},"end":{"line":47,"column":40}},"31":{"start":{"line":48,"column":2},"end":{"line":48,"column":109}},"32":{"start":{"line":51,"column":0},"end":{"line":159,"column":5}},"33":{"start":{"line":52,"column":2},"end":{"line":58,"column":3}},"34":{"start":{"line":53,"column":4},"end":{"line":53,"column":22}},"35":{"start":{"line":54,"column":4},"end":{"line":54,"column":26}},"36":{"start":{"line":55,"column":4},"end":{"line":55,"column":46}},"37":{"start":{"line":56,"column":4},"end":{"line":56,"column":44}},"38":{"start":{"line":57,"column":4},"end":{"line":57,"column":40}},"39":{"start":{"line":60,"column":2},"end":{"line":86,"column":4}},"40":{"start":{"line":61,"column":4},"end":{"line":61,"column":71}},"41":{"start":{"line":62,"column":4},"end":{"line":62,"column":18}},"42":{"start":{"line":63,"column":4},"end":{"line":68,"column":5}},"43":{"start":{"line":64,"column":6},"end":{"line":64,"column":45}},"44":{"start":{"line":65,"column":11},"end":{"line":68,"column":5}},"45":{"start":{"line":66,"column":6},"end":{"line":66,"column":67}},"46":{"start":{"line":67,"column":6},"end":{"line":67,"column":86}},"47":{"start":{"line":69,"column":4},"end":{"line":69,"column":68}},"48":{"start":{"line":70,"column":4},"end":{"line":70,"column":98}},"49":{"start":{"line":71,"column":4},"end":{"line":71,"column":27}},"50":{"start":{"line":72,"column":4},"end":{"line":72,"column":87}},"51":{"start":{"line":73,"column":4},"end":{"line":73,"column":100}},"52":{"start":{"line":74,"column":4},"end":{"line":85,"column":7}},"53":{"start":{"line":75,"column":6},"end":{"line":79,"column":7}},"54":{"start":{"line":76,"column":8},"end":{"line":76,"column":56}},"55":{"start":{"line":78,"column":8},"end":{"line":78,"column":27}},"56":{"start":{"line":81,"column":6},"end":{"line":83,"column":7}},"57":{"start":{"line":82,"column":8},"end":{"line":82,"column":23}},"58":{"start":{"line":84,"column":6},"end":{"line":84,"column":32}},"59":{"start":{"line":88,"column":2},"end":{"line":147,"column":4}},"60":{"start":{"line":89,"column":4},"end":{"line":89,"column":189}},"61":{"start":{"line":90,"column":4},"end":{"line":90,"column":101}},"62":{"start":{"line":91,"column":4},"end":{"line":100,"column":13}},"63":{"start":{"line":92,"column":6},"end":{"line":99,"column":8}},"64":{"start":{"line":93,"column":8},"end":{"line":98,"column":10}},"65":{"start":{"line":101,"column":4},"end":{"line":106,"column":6}},"66":{"start":{"line":107,"column":4},"end":{"line":107,"column":22}},"67":{"start":{"line":108,"column":4},"end":{"line":113,"column":5}},"68":{"start":{"line":109,"column":6},"end":{"line":109,"column":25}},"69":{"start":{"line":110,"column":6},"end":{"line":112,"column":7}},"70":{"start":{"line":111,"column":8},"end":{"line":111,"column":77}},"71":{"start":{"line":114,"column":4},"end":{"line":114,"column":30}},"72":{"start":{"line":115,"column":4},"end":{"line":133,"column":5}},"73":{"start":{"line":116,"column":6},"end":{"line":116,"column":25}},"74":{"start":{"line":117,"column":6},"end":{"line":132,"column":7}},"75":{"start":{"line":118,"column":8},"end":{"line":131,"column":9}},"76":{"start":{"line":119,"column":10},"end":{"line":119,"column":35}},"77":{"start":{"line":120,"column":10},"end":{"line":127,"column":32}},"78":{"start":{"line":121,"column":12},"end":{"line":121,"column":35}},"79":{"start":{"line":122,"column":12},"end":{"line":126,"column":13}},"80":{"start":{"line":123,"column":14},"end":{"line":123,"column":37}},"81":{"start":{"line":124,"column":14},"end":{"line":124,"column":48}},"82":{"start":{"line":125,"column":14},"end":{"line":125,"column":106}},"83":{"start":{"line":128,"column":10},"end":{"line":130,"column":32}},"84":{"start":{"line":129,"column":12},"end":{"line":129,"column":82}},"85":{"start":{"line":134,"column":4},"end":{"line":134,"column":53}},"86":{"start":{"line":135,"column":4},"end":{"line":145,"column":5}},"87":{"start":{"line":136,"column":6},"end":{"line":136,"column":27}},"88":{"start":{"line":137,"column":6},"end":{"line":142,"column":8}},"89":{"start":{"line":143,"column":6},"end":{"line":143,"column":67}},"90":{"start":{"line":144,"column":6},"end":{"line":144,"column":102}},"91":{"start":{"line":146,"column":4},"end":{"line":146,"column":23}},"92":{"start":{"line":149,"column":2},"end":{"line":155,"column":4}},"93":{"start":{"line":150,"column":4},"end":{"line":154,"column":6}},"94":{"start":{"line":157,"column":2},"end":{"line":157,"column":14}},"95":{"start":{"line":161,"column":0},"end":{"line":187,"column":5}},"96":{"start":{"line":162,"column":2},"end":{"line":173,"column":3}},"97":{"start":{"line":163,"column":4},"end":{"line":165,"column":5}},"98":{"start":{"line":164,"column":6},"end":{"line":164,"column":23}},"99":{"start":{"line":166,"column":4},"end":{"line":166,"column":48}},"100":{"start":{"line":167,"column":4},"end":{"line":167,"column":38}},"101":{"start":{"line":168,"column":4},"end":{"line":168,"column":48}},"102":{"start":{"line":169,"column":4},"end":{"line":169,"column":48}},"103":{"start":{"line":170,"column":4},"end":{"line":170,"column":48}},"104":{"start":{"line":171,"column":4},"end":{"line":171,"column":56}},"105":{"start":{"line":172,"column":4},"end":{"line":172,"column":32}},"106":{"start":{"line":175,"column":2},"end":{"line":183,"column":4}},"107":{"start":{"line":176,"column":4},"end":{"line":176,"column":38}},"108":{"start":{"line":177,"column":4},"end":{"line":177,"column":36}},"109":{"start":{"line":178,"column":4},"end":{"line":178,"column":44}},"110":{"start":{"line":179,"column":4},"end":{"line":179,"column":84}},"111":{"start":{"line":180,"column":4},"end":{"line":180,"column":87}},"112":{"start":{"line":181,"column":4},"end":{"line":181,"column":77}},"113":{"start":{"line":182,"column":4},"end":{"line":182,"column":34}},"114":{"start":{"line":185,"column":2},"end":{"line":185,"column":20}}},"branchMap":{"1":{"line":27,"type":"if","locations":[{"start":{"line":27,"column":2},"end":{"line":27,"column":2}},{"start":{"line":27,"column":2},"end":{"line":27,"column":2}}]},"2":{"line":27,"type":"binary-expr","locations":[{"start":{"line":27,"column":9},"end":{"line":27,"column":53}},{"start":{"line":27,"column":59},"end":{"line":27,"column":104}}]},"3":{"line":27,"type":"cond-expr","locations":[{"start":{"line":27,"column":26},"end":{"line":27,"column":35}},{"start":{"line":27,"column":38},"end":{"line":27,"column":44}}]},"4":{"line":27,"type":"cond-expr","locations":[{"start":{"line":27,"column":76},"end":{"line":27,"column":86}},{"start":{"line":27,"column":89},"end":{"line":27,"column":95}}]},"5":{"line":35,"type":"if","locations":[{"start":{"line":35,"column":4},"end":{"line":35,"column":4}},{"start":{"line":35,"column":4},"end":{"line":35,"column":4}}]},"6":{"line":39,"type":"if","locations":[{"start":{"line":39,"column":2},"end":{"line":39,"column":2}},{"start":{"line":39,"column":2},"end":{"line":39,"column":2}}]},"7":{"line":39,"type":"cond-expr","locations":[{"start":{"line":39,"column":22},"end":{"line":39,"column":30}},{"start":{"line":39,"column":33},"end":{"line":39,"column":39}}]},"8":{"line":63,"type":"if","locations":[{"start":{"line":63,"column":4},"end":{"line":63,"column":4}},{"start":{"line":63,"column":4},"end":{"line":63,"column":4}}]},"9":{"line":65,"type":"if","locations":[{"start":{"line":65,"column":11},"end":{"line":65,"column":11}},{"start":{"line":65,"column":11},"end":{"line":65,"column":11}}]},"10":{"line":75,"type":"if","locations":[{"start":{"line":75,"column":6},"end":{"line":75,"column":6}},{"start":{"line":75,"column":6},"end":{"line":75,"column":6}}]},"11":{"line":81,"type":"if","locations":[{"start":{"line":81,"column":6},"end":{"line":81,"column":6}},{"start":{"line":81,"column":6},"end":{"line":81,"column":6}}]},"12":{"line":110,"type":"if","locations":[{"start":{"line":110,"column":6},"end":{"line":110,"column":6}},{"start":{"line":110,"column":6},"end":{"line":110,"column":6}}]},"13":{"line":117,"type":"if","locations":[{"start":{"line":117,"column":6},"end":{"line":117,"column":6}},{"start":{"line":117,"column":6},"end":{"line":117,"column":6}}]},"14":{"line":134,"type":"cond-expr","locations":[{"start":{"line":134,"column":43},"end":{"line":134,"column":47}},{"start":{"line":134,"column":50},"end":{"line":134,"column":52}}]},"15":{"line":163,"type":"if","locations":[{"start":{"line":163,"column":4},"end":{"line":163,"column":4}},{"start":{"line":163,"column":4},"end":{"line":163,"column":4}}]},"16":{"line":166,"type":"cond-expr","locations":[{"start":{"line":166,"column":34},"end":{"line":166,"column":40}},{"start":{"line":166,"column":43},"end":{"line":166,"column":47}}]}},"code":["// Generated by CoffeeScript 1.10.0","var Form, FormReader, async, distinctColor, dv, estimateTransform, findBarcodes, findCheckboxes, findText, matchBarcodes, matchByPath, matchCheckboxes, matchText, unpack,","  bind = function(fn, me){ return function(){ return fn.apply(me, arguments); }; };","","dv = require('dv');","","async = require('async');","","findBarcodes = require('./find_barcodes').findBarcodes;","","findCheckboxes = require('./find_checkboxes').findCheckboxes;","","findText = require('./find_text').findText;","","estimateTransform = require('./estimate_transform').estimateTransform;","","matchBarcodes = require('./match_barcodes').matchBarcodes;","","matchText = require('./match_text').matchText;","","matchCheckboxes = require('./match_checkboxes').matchCheckboxes;","","unpack = require('./schema').unpack;","","matchByPath = function(field, formData) {","  var i, item, len, ref, tail;","  if (!(((field != null ? field.box : void 0) != null) && ((field != null ? field.path : void 0) != null))) {","    return;","  }","  tail = formData;","  ref = field.path.split('.');","  for (i = 0, len = ref.length; i < len; i++) {","    item = ref[i];","    tail = tail[item];","    if (tail == null) {","      return;","    }","  }","  if ((tail != null ? tail.box : void 0) != null) {","    return tail;","  }","};","","distinctColor = function(index) {","  var color, colors;","  colors = [\"#000000\", \"#FFFF00\", \"#1CE6FF\", \"#FF34FF\", \"#FF4A46\", \"#008941\", \"#006FA6\", \"#A30059\", \"#FFDBE5\", \"#7A4900\", \"#0000A6\", \"#63FFAC\", \"#B79762\", \"#004D43\", \"#8FB0FF\", \"#997D87\", \"#5A0007\", \"#809693\", \"#FEFFE6\", \"#1B4400\", \"#4FC601\", \"#3B5DFF\", \"#4A3B53\", \"#FF2F80\", \"#61615A\", \"#BA0900\", \"#6B7900\", \"#00C2A0\", \"#FFAA92\", \"#FF90C9\", \"#B903AA\", \"#D16100\", \"#DDEFFF\", \"#000035\", \"#7B4F4B\", \"#A1C299\", \"#300018\", \"#0AA6D8\", \"#013349\", \"#00846F\", \"#372101\", \"#FFB500\", \"#C2FFED\", \"#A079BF\", \"#CC0744\", \"#C0B9B2\", \"#C2FF99\", \"#001E09\", \"#00489C\", \"#6F0062\", \"#0CBD66\", \"#EEC3FF\", \"#456D75\", \"#B77B68\", \"#7A87A1\", \"#788D66\", \"#885578\", \"#FAD09F\", \"#FF8A9A\", \"#D157A0\", \"#BEC459\", \"#456648\", \"#0086ED\", \"#886F4C\", \"#34362D\", \"#B4A8BD\", \"#00A6AA\", \"#452C2C\", \"#636375\", \"#A3C8C9\", \"#FF913F\", \"#938A81\", \"#575329\", \"#00FECF\", \"#B05B6F\", \"#8CD0FF\", \"#3B9700\", \"#04F757\", \"#C8A1A1\", \"#1E6E00\", \"#7900D7\", \"#A77500\", \"#6367A9\", \"#A05837\", \"#6B002C\", \"#772600\", \"#D790FF\", \"#9B9700\", \"#549E79\", \"#FFF69F\", \"#201625\", \"#72418F\", \"#BC23FF\", \"#99ADC0\", \"#3A2465\", \"#922329\", \"#5B4534\", \"#FDE8DC\", \"#404E55\", \"#0089A3\", \"#CB7E98\", \"#A4E804\", \"#324E72\", \"#6A3A4C\", \"#83AB58\", \"#001C1E\", \"#D1F7CE\", \"#004B28\", \"#C8D0F6\", \"#A3A489\", \"#806C66\", \"#222800\", \"#BF5650\", \"#E83000\", \"#66796D\", \"#DA007C\", \"#FF1A59\", \"#8ADBB4\", \"#1E0200\", \"#5B4E51\", \"#C895C5\", \"#320033\", \"#FF6832\", \"#66E1D3\", \"#CFCDAC\", \"#D0AC94\", \"#7ED379\", \"#012C58\"];","  color = colors[index % colors.length];","  return [parseInt(color.slice(1, 3), 16), parseInt(color.slice(3, 5), 16), parseInt(color.slice(5, 7), 16)];","};","","Form = (function() {","  function Form(data1, images1) {","    this.data = data1;","    this.images = images1;","    this.toObject = bind(this.toObject, this);","    this.toImage = bind(this.toImage, this);","    this.match = bind(this.match, this);","  }","","  Form.prototype.match = function(formSchema, cb) {","    var anchors, fallbackScale, formData, schemaToFields, schemaToPage;","    formData = {};","    if (typeof formSchema.schemaToPage === 'function') {","      schemaToPage = formSchema.schemaToPage;","    } else if (formSchema.page != null) {","      fallbackScale = this.images[0].width / formSchema.page.width;","      schemaToPage = estimateTransform(formSchema.words, this.data[2], fallbackScale);","    }","    matchBarcodes(formData, formSchema, this.data[1], schemaToPage);","    anchors = matchText(formData, formSchema, this.data[2], schemaToPage, this.images[0]).anchors;","    this.anchors = anchors;","    schemaToFields = estimateTransform(formSchema.fields, formData, 1, 1, matchByPath);","    matchCheckboxes(formData, formSchema, this.data[3], this.data[2], schemaToPage, schemaToFields);","    async.forEach(formSchema.fields, function(field, nextField) {","      if (field.formValidator != null) {","        return field.formValidator(formData, nextField);","      } else {","        return nextField();","      }","    }, function(err) {","      if (err != null) {","        return cb(err);","      }","      return cb(null, formData);","    });","  };","","  Form.prototype.toImage = function() {","    var anchor, box, boxed, boxedIndex, candidateBox, color, data, i, image, imageBox, imageOffset, index, j, k, l, len, len1, len2, len3, len4, m, ref, ref1, ref2, ref3, ref4, resultImage;","    resultImage = new dv.Image(this.images[0].width * this.images.length, this.images[0].height, 32);","    imageOffset = (function(_this) {","      return function(box, index) {","        return {","          x: box.x + _this.images[0].width * index,","          y: box.y,","          width: box.width,","          height: box.height","        };","      };","    })(this);","    imageBox = {","      x: 0,","      y: 0,","      width: this.images[0].width,","      height: this.images[0].height","    };","    ref = this.images;","    for (index = i = 0, len = ref.length; i < len; index = ++i) {","      image = ref[index];","      if (image != null) {","        resultImage.drawImage(image.toColor(), imageOffset(imageBox, index));","      }","    }","    ref1 = this.data.slice(1);","    for (index = j = 0, len1 = ref1.length; j < len1; index = ++j) {","      data = ref1[index];","      if (data != null) {","        for (boxedIndex = k = 0, len2 = data.length; k < len2; boxedIndex = ++k) {","          boxed = data[boxedIndex];","          try {","            ref2 = boxed.candidate;","            for (l = 0, len3 = ref2.length; l < len3; l++) {","              candidateBox = ref2[l];","              color = distinctColor(boxedIndex);","              resultImage.drawBox(imageOffset(candidateBox, index), 6, color[0], color[1], color[2], 0.5);","            }","          } catch (undefined) {}","          try {","            resultImage.drawBox(imageOffset(boxed.box, index), 2, 0, 0, 255, 0.5);","          } catch (undefined) {}","        }","      }","    }","    ref4 = (ref3 = this.anchors) != null ? ref3 : [];","    for (index = m = 0, len4 = ref4.length; m < len4; index = ++m) {","      anchor = ref4[index];","      box = {","        x: anchor.word.box.x + anchor.offset.x,","        y: anchor.word.box.y + anchor.offset.y,","        width: anchor.word.box.width,","        height: anchor.word.box.height","      };","      resultImage.drawBox(imageOffset(box, 1), 4, 0, 255, 50, 0.5);","      resultImage.drawLine(imageOffset(box, 1), imageOffset(anchor.word.box, 1), 4, 0, 255, 255, 0.5);","    }","    return resultImage;","  };","","  Form.prototype.toObject = function() {","    return {","      barcodes: this.data[1],","      text: this.data[2],","      checkboxes: this.data[3]","    };","  };","","  return Form;","","})();","","module.exports = FormReader = (function() {","  function FormReader(language, image1) {","    if (language == null) {","      language = 'eng';","    }","    this.image = image1 != null ? image1 : null;","    this.find = bind(this.find, this);","    this.tesseract = new dv.Tesseract(language);","    this.tesseract.pageSegMode = 'single_block';","    this.tesseract.classify_enable_learning = 0;","    this.tesseract.classify_enable_adaptive_matcher = 0;","    this.zxing = new dv.ZXing();","  }","","  FormReader.prototype.find = function() {","    var data, images, ref, ref1, ref2;","    data = [null, null, null, null];","    images = [this.image, null, null, null];","    ref = findBarcodes(images[0], this.zxing), data[1] = ref[0], images[1] = ref[1];","    ref1 = findText(images[1], this.tesseract), data[2] = ref1[0], images[2] = ref1[1];","    ref2 = findCheckboxes(images[2]), data[3] = ref2[0], images[3] = ref2[1];","    return new Form(data, images);","  };","","  return FormReader;","","})();",""],"l":{"2":4,"3":0,"5":4,"7":0,"9":0,"11":0,"13":0,"15":0,"17":0,"19":0,"21":0,"23":0,"25":0,"26":0,"27":0,"28":0,"30":0,"31":0,"32":0,"33":0,"34":0,"35":0,"36":0,"39":0,"40":0,"44":0,"45":0,"46":0,"47":0,"48":0,"51":0,"52":1,"53":0,"54":0,"55":0,"56":0,"57":0,"60":0,"61":0,"62":0,"63":0,"64":0,"65":0,"66":0,"67":0,"69":0,"70":0,"71":0,"72":0,"73":0,"74":0,"75":0,"76":0,"78":0,"81":0,"82":0,"84":0,"88":0,"89":0,"90":0,"91":0,"92":0,"93":0,"101":0,"107":0,"108":0,"109":0,"110":0,"111":0,"114":0,"115":0,"116":0,"117":0,"118":0,"119":0,"120":0,"121":0,"122":0,"123":0,"124":0,"125":0,"128":0,"129":0,"134":0,"135":0,"136":0,"137":0,"143":0,"144":0,"146":0,"149":0,"150":0,"157":0,"161":0,"162":1,"163":0,"164":0,"166":0,"167":0,"168":0,"169":0,"170":0,"171":0,"172":0,"175":0,"176":0,"177":0,"178":0,"179":0,"180":0,"181":0,"182":0,"185":0}},"/home/travis/build/npmtest/node-npmtest-fv/node_modules/fv/lib/estimate_transform.js":{"path":"/home/travis/build/npmtest/node-npmtest-fv/node_modules/fv/lib/estimate_transform.js","s":{"1":1,"2":1,"3":0,"4":0,"5":0,"6":0,"7":0,"8":0,"9":0,"10":0,"11":0,"12":0,"13":0,"14":1,"15":0,"16":0,"17":0,"18":0,"19":0,"20":0,"21":0,"22":0,"23":0,"24":0,"25":0,"26":0,"27":0,"28":1,"29":0,"30":0,"31":0,"32":0,"33":0,"34":0,"35":0,"36":0,"37":0,"38":0,"39":0,"40":0,"41":0,"42":0,"43":0,"44":0,"45":0,"46":0,"47":0,"48":0,"49":0,"50":0,"51":0,"52":0,"53":0,"54":0,"55":0,"56":0,"57":0,"58":0,"59":0,"60":0,"61":0,"62":0,"63":0,"64":0,"65":0,"66":0,"67":0,"68":0,"69":0,"70":0,"71":0,"72":0,"73":0,"74":0,"75":0,"76":0,"77":0,"78":0,"79":0,"80":0,"81":0,"82":0,"83":0,"84":0,"85":0,"86":0,"87":0,"88":0,"89":0,"90":0,"91":0,"92":0,"93":0,"94":0,"95":0,"96":0,"97":0},"b":{"1":[0,0],"2":[0,0],"3":[0,0],"4":[0,0],"5":[0,0],"6":[0,0],"7":[0,0],"8":[0,0],"9":[0,0],"10":[0,0],"11":[0,0],"12":[0,0]},"f":{"1":0,"2":0,"3":0,"4":0,"5":0,"6":0,"7":0,"8":0,"9":0,"10":0,"11":0,"12":0,"13":0},"fnMap":{"1":{"name":"(anonymous_1)","line":4,"loc":{"start":{"line":4,"column":12},"end":{"line":4,"column":34}}},"2":{"name":"(anonymous_2)","line":6,"loc":{"start":{"line":6,"column":13},"end":{"line":6,"column":24}}},"3":{"name":"(anonymous_3)","line":22,"loc":{"start":{"line":22,"column":13},"end":{"line":22,"column":30}}},"4":{"name":"(anonymous_4)","line":42,"loc":{"start":{"line":42,"column":35},"end":{"line":42,"column":106}}},"5":{"name":"(anonymous_5)","line":80,"loc":{"start":{"line":80,"column":32},"end":{"line":80,"column":44}}},"6":{"name":"(anonymous_6)","line":82,"loc":{"start":{"line":82,"column":12},"end":{"line":82,"column":27}}},"7":{"name":"(anonymous_7)","line":85,"loc":{"start":{"line":85,"column":25},"end":{"line":85,"column":36}}},"8":{"name":"(anonymous_8)","line":95,"loc":{"start":{"line":95,"column":26},"end":{"line":95,"column":37}}},"9":{"name":"(anonymous_9)","line":105,"loc":{"start":{"line":105,"column":32},"end":{"line":105,"column":44}}},"10":{"name":"(anonymous_10)","line":107,"loc":{"start":{"line":107,"column":12},"end":{"line":107,"column":27}}},"11":{"name":"(anonymous_11)","line":110,"loc":{"start":{"line":110,"column":25},"end":{"line":110,"column":36}}},"12":{"name":"(anonymous_12)","line":120,"loc":{"start":{"line":120,"column":26},"end":{"line":120,"column":37}}},"13":{"name":"(anonymous_13)","line":136,"loc":{"start":{"line":136,"column":9},"end":{"line":136,"column":23}}}},"statementMap":{"1":{"start":{"line":2,"column":0},"end":{"line":2,"column":26}},"2":{"start":{"line":4,"column":0},"end":{"line":20,"column":2}},"3":{"start":{"line":5,"column":2},"end":{"line":5,"column":20}},"4":{"start":{"line":6,"column":2},"end":{"line":16,"column":7}},"5":{"start":{"line":7,"column":4},"end":{"line":7,"column":24}},"6":{"start":{"line":8,"column":4},"end":{"line":8,"column":17}},"7":{"start":{"line":9,"column":4},"end":{"line":14,"column":5}},"8":{"start":{"line":10,"column":6},"end":{"line":10,"column":22}},"9":{"start":{"line":11,"column":6},"end":{"line":13,"column":7}},"10":{"start":{"line":12,"column":8},"end":{"line":12,"column":27}},"11":{"start":{"line":15,"column":4},"end":{"line":15,"column":19}},"12":{"start":{"line":17,"column":2},"end":{"line":19,"column":3}},"13":{"start":{"line":18,"column":4},"end":{"line":18,"column":22}},"14":{"start":{"line":22,"column":0},"end":{"line":40,"column":2}},"15":{"start":{"line":23,"column":2},"end":{"line":23,"column":57}},"16":{"start":{"line":24,"column":2},"end":{"line":30,"column":3}},"17":{"start":{"line":25,"column":4},"end":{"line":25,"column":18}},"18":{"start":{"line":26,"column":4},"end":{"line":26,"column":43}},"19":{"start":{"line":27,"column":4},"end":{"line":27,"column":73}},"20":{"start":{"line":29,"column":4},"end":{"line":29,"column":29}},"21":{"start":{"line":31,"column":2},"end":{"line":31,"column":10}},"22":{"start":{"line":32,"column":2},"end":{"line":32,"column":33}},"23":{"start":{"line":33,"column":2},"end":{"line":36,"column":3}},"24":{"start":{"line":34,"column":4},"end":{"line":34,"column":31}},"25":{"start":{"line":35,"column":4},"end":{"line":35,"column":17}},"26":{"start":{"line":37,"column":2},"end":{"line":39,"column":3}},"27":{"start":{"line":38,"column":4},"end":{"line":38,"column":23}},"28":{"start":{"line":42,"column":0},"end":{"line":144,"column":2}},"29":{"start":{"line":43,"column":2},"end":{"line":43,"column":196}},"30":{"start":{"line":44,"column":2},"end":{"line":46,"column":3}},"31":{"start":{"line":45,"column":4},"end":{"line":45,"column":27}},"32":{"start":{"line":47,"column":2},"end":{"line":49,"column":3}},"33":{"start":{"line":48,"column":4},"end":{"line":48,"column":26}},"34":{"start":{"line":50,"column":2},"end":{"line":50,"column":37}},"35":{"start":{"line":51,"column":2},"end":{"line":54,"column":3}},"36":{"start":{"line":52,"column":4},"end":{"line":52,"column":25}},"37":{"start":{"line":53,"column":4},"end":{"line":53,"column":45}},"38":{"start":{"line":55,"column":2},"end":{"line":55,"column":18}},"39":{"start":{"line":56,"column":2},"end":{"line":78,"column":3}},"40":{"start":{"line":57,"column":4},"end":{"line":57,"column":23}},"41":{"start":{"line":58,"column":4},"end":{"line":77,"column":5}},"42":{"start":{"line":59,"column":6},"end":{"line":76,"column":7}},"43":{"start":{"line":60,"column":8},"end":{"line":60,"column":27}},"44":{"start":{"line":61,"column":8},"end":{"line":75,"column":9}},"45":{"start":{"line":62,"column":10},"end":{"line":62,"column":56}},"46":{"start":{"line":63,"column":10},"end":{"line":63,"column":56}},"47":{"start":{"line":64,"column":10},"end":{"line":64,"column":87}},"48":{"start":{"line":65,"column":10},"end":{"line":65,"column":95}},"49":{"start":{"line":66,"column":10},"end
[...]
wordsToConfidence(candidateWords),","        box: boundingBox((function() {","          var l, len2, results;","          results = [];","          for (l = 0, len2 = candidateWords.length; l < len2; l++) {","            word = candidateWords[l];","            results.push(word.box);","          }","          return results;","        })()),","        text: candidateText,","        words: candidateWords,","        used: false,","        priority: [isValid, searchBox.priority]","      });","    }","  }","  epsilonConfidence = pixelsToConfidence(pageBox, image);","  if (epsilonConfidence > 50 || variants.length === 0) {","    isValid = validate(field, '', false);","    variants.push({","      path: field.path,","      confidence: epsilonConfidence,","      box: pageBox,","      text: '',","      words: [],","      used: false,","      priority: [isValid, 1]","    });","  }","  variants.sort(function(a, b) {","    var deltaPriority, deltaValid;","    deltaValid = b.priority[0] - a.priority[0];","    deltaPriority = a.priority[1] - b.priority[1];","    if (deltaValid === 0) {","      return deltaPriority;","    } else {","      return deltaValid;","    }","  });","  return variants;","};","","module.exports.matchText = function(formData, formSchema, words, schemaToPage, rawImage) {","  var anchors, choice, conflictingVariants, conflicts, field, fieldData, fieldIndex, image, j, k, l, len, len1, len10, len2, len3, len4, len5, len6, len7, len8, len9, m, n, o, p, path, q, r, ref2, ref3, ref4, ref5, ref6, ref7, s, selectedVariant, selectedVariants, t, textFields, values, variant, variants, variantsByPath, variantsByWord, word, wordIndex, wordUsage, wordVariant;","  textFields = formSchema.fields.filter(function(field) {","    return field.type === 'text';","  });","  if (textFields.length === 0) {","    return {};","  }","  textFields.sort(function(a, b) {","    var deltaX, deltaY;","    deltaY = a.box.y - b.box.y;","    deltaX = a.box.x - b.box.x;","    if (Math.abs(deltaY) < 20) {","      return deltaX;","    } else {","      return deltaY;","    }","  });","  image = rawImage.toGray();","  anchors = findAnchors(textFields, words, schemaToPage);","  variantsByPath = {};","  variantsByWord = {};","  for (j = 0, len = textFields.length; j < len; j++) {","    field = textFields[j];","    variants = findVariants(field, anchors, words, schemaToPage, image);","    variantsByPath[field.path] = variants;","    for (k = 0, len1 = variants.length; k < len1; k++) {","      variant = variants[k];","      ref2 = variant.words;","      for (l = 0, len2 = ref2.length; l < len2; l++) {","        word = ref2[l];","        wordIndex = words.indexOf(word);","        if (variantsByWord[wordIndex] == null) {","          variantsByWord[wordIndex] = [];","        }","        variantsByWord[wordIndex].push(variant);","      }","    }","  }","  for (m = 0, len3 = textFields.length; m < len3; m++) {","    field = textFields[m];","    variants = variantsByPath[field.path];","    if (variants.length === 1 && variants[0].words.length === 1) {","      word = variants[0].words[0];","      wordIndex = words.indexOf(word);","      ref3 = variantsByWord[wordIndex];","      for (n = 0, len4 = ref3.length; n < len4; n++) {","        variant = ref3[n];","        if (variant.path === field.path) {","          continue;","        }","        conflictingVariants = variantsByPath[variant.path];","        if (conflictingVariants.length > 1) {","          conflictingVariants.splice(conflictingVariants.indexOf(variant), 1);","        }","      }","    }","  }","  selectedVariants = [];","  wordUsage = [];","  for (o = 0, len5 = textFields.length; o < len5; o++) {","    field = textFields[o];","    variants = variantsByPath[field.path].filter(function(variant) {","      return !variant.used;","    });","    if (variants.length === 0) {","      variants = variantsByPath[field.path];","    }","    if (variants.length > 1 && (field.fieldSelector != null)) {","      values = variants.map(function(variant) {","        return variant.text;","      });","      choice = field.fieldSelector(values);","      if (!(choice in values)) {","        throw new Error('Returned choice index out of bounds');","      }","    } else {","      choice = 0;","    }","    selectedVariants.push(selectedVariant = variants[choice]);","    ref4 = selectedVariant.words;","    for (p = 0, len6 = ref4.length; p < len6; p++) {","      word = ref4[p];","      wordIndex = words.indexOf(word);","      ref5 = variantsByWord[wordIndex];","      for (q = 0, len7 = ref5.length; q < len7; q++) {","        wordVariant = ref5[q];","        wordVariant.used = true;","      }","      if (wordUsage[wordIndex] == null) {","        wordUsage[wordIndex] = [];","      }","      wordUsage[wordIndex].push(field.path);","    }","  }","  for (fieldIndex = r = 0, len8 = textFields.length; r < len8; fieldIndex = ++r) {","    field = textFields[fieldIndex];","    selectedVariant = selectedVariants[fieldIndex];","    conflicts = [field.path];","    ref6 = selectedVariant.words;","    for (s = 0, len9 = ref6.length; s < len9; s++) {","      word = ref6[s];","      wordIndex = words.indexOf(word);","      ref7 = wordUsage[wordIndex];","      for (t = 0, len10 = ref7.length; t < len10; t++) {","        path = ref7[t];","        if (indexOf.call(conflicts, path) < 0) {","          conflicts.push(path);","        }","      }","    }","    conflicts.splice(0, 1);","    fieldData = unpack(formData, field.path);","    fieldData.value = selectedVariant.text;","    fieldData.confidence = selectedVariant.confidence;","    fieldData.box = selectedVariant.box;","    fieldData.conflicts = conflicts;","  }","  return {","    anchors: anchors","  };","};",""],"l":{"2":1,"3":0,"5":1,"7":1,"9":1,"10":0,"11":0,"12":0,"13":0,"14":0,"15":0,"16":0,"17":0,"18":0,"19":0,"20":0,"21":0,"25":0,"26":0,"27":0,"28":0,"29":0,"30":0,"31":0,"32":0,"33":0,"36":0,"38":0,"39":0,"40":0,"42":0,"50":0,"51":0,"54":0,"57":1,"58":0,"59":0,"60":0,"65":0,"66":0,"68":0,"69":0,"71":0,"72":0,"76":1,"77":0,"78":0,"79":0,"80":0,"81":0,"82":0,"83":0,"84":0,"87":0,"88":0,"89":0,"90":0,"91":0,"92":0,"93":0,"94":0,"97":0,"98":0,"99":0,"100":0,"101":0,"102":0,"103":0,"106":0,"110":1,"111":0,"112":0,"113":0,"114":0,"117":1,"118":0,"119":0,"120":0,"122":0,"123":0,"124":0,"125":0,"127":0,"128":0,"129":0,"130":0,"132":0,"133":0,"135":0,"136":0,"137":0,"138":0,"139":0,"140":0,"142":0,"143":0,"145":0,"146":0,"147":0,"148":0,"149":0,"150":0,"151":0,"152":0,"153":0,"154":0,"155":0,"158":0,"159":0,"160":0,"161":0,"162":0,"164":0,"166":0,"169":0,"172":1,"173":0,"174":0,"175":0,"176":0,"177":0,"178":0,"179":0,"180":0,"181":0,"184":0,"187":1,"188":0,"189":0,"193":1,"194":0,"195":0,"196":0,"197":0,"203":0,"204":0,"206":0,"207":0,"208":0,"210":0,"211":0,"212":0,"213":0,"215":0,"217":0,"220":1,"221":0,"222":0,"223":0,"224":0,"225":0,"226":0,"228":0,"229":0,"238":0,"239":0,"240":0,"247":0,"254":0,"262":0,"263":0,"264":0,"265":0,"266":0,"267":0,"268":0,"269":0,"271":0,"272":0,"274":0,"275":0,"276":0,"278":0,"282":0,"283":0,"284":0,"285":0,"286":0,"288":0,"297":0,"298":0,"299":0,"300":0,"310":0,"311":0,"312":0,"313":0,"314":0,"315":0,"317":0,"320":0,"323":1,"324":0,"325":0,"326":0,"328":0,"329":0,"331":0,"332":0,"333":0,"334":0,"335":0,"336":0,"338":0,"341":0,"342":0,"343":0,"344":0,"345":0,"346":0,"347":0,"348":0,"349":0,"350":0,"351":0,"352":0,"353":0,"354":0,"355":0,"356":0,"358":0,"362":0,"363":0,"364":0,"365":0,"366":0,"367":0,"368":0,"369":0,"370":0,"371":0,"372":0,"374":0,"375":0,"376":0,"381":0,"382":0,"383":0,"384":0,"385":0,"386":0,"388":0,"389":0,"391":0,"392":0,"393":0,"395":0,"396":0,"397":0,"400":0,"402":0,"403":0,"404":0,"405":0,"406":0,"407":0,"408":0,"409":0,"410":0,"412":0,"413":0,"415":0,"418":0,"419":0,"420":0,"421":0,"422":0,"423":0,"424":0,"425":0,"426":0,"427":0,"428":0,"429":0,"430":0,"434":0,"435":0,"436":0,"437":0,"438":0,"439":0,"441":0}},"/home/travis/build/npmtest/node-npmtest-fv/node_modules/fv/lib/filters/binarize.js":{"path":"/home/travis/build/npmtest/node-npmtest-fv/node_modules/fv/lib/filters/binarize.js","s":{"1":2,"2":2,"3":0,"4":0,"5":0,"6":0,"7":0,"8":0},"b":{"1":[0,0]},"f":{"1":0},"fnMap":{"1":{"name":"(anonymous_1)","line":8,"loc":{"start":{"line":8,"column":17},"end":{"line":8,"column":33}}}},"statementMap":{"1":{"start":{"line":2,"column":0},"end":{"line":2,"column":26}},"2":{"start":{"line":4,"column":0},"end":{"line":4,"column":19}},"3":{"start":{"line":6,"column":0},"end":{"line":6,"column":25}},"4":{"start":{"line":8,"column":0},"end":{"line":14,"column":2}},"5":{"start":{"line":9,"column":2},"end":{"line":11,"column":3}},"6":{"start":{"line":10,"column":4},"end":{"line":10,"column":43}},"7":{"start":{"line":12,"column":2},"end":{"line":12,"column":34}},"8":{"start":{"line":13,"column":2},"end":{"line":13,"column":44}}},"branchMap":{"1":{"line":9,"type":"if","locations":[{"start":{"line":9,"column":2},"end":{"line":9,"column":2}},{"start":{"line":9,"column":2},"end":{"line":9,"column":2}}]}},"code":["// Generated by CoffeeScript 1.10.0","var dv, tesseractInstance;","","dv = require('dv');","","tesseractInstance = null;","","module.exports = function(image) {","  if (tesseractInstance == null) {","    tesseractInstance = new dv.Tesseract();","  }","  tesseractInstance.image = image;","  return tesseractInstance.thresholdImage();","};",""],"l":{"2":2,"4":2,"6":0,"8":0,"9":0,"10":0,"12":0,"13":0}},"/home/travis/build/npmtest/node-npmtest-fv/node_modules/fv/lib/filters/darken_ink.js":{"path":"/home/travis/build/npmtest/node-npmtest-fv/node_modules/fv/lib/filters/darken_ink.js","s":{"1":2,"2":2,"3":0,"4":0,"5":0,"6":0,"7":0,"8":0,"9":0,"10":0,"11":0,"12":0,"13":0,"14":0,"15":0,"16":0,"17":0,"18":0,"19":0,"20":0,"21":0,"22":0,"23":0,"24":0,"25":0,"26":0,"27":0,"28":0,"29":0,"30":0,"31":0,"32":0},"b":{"1":[0,0],"2":[0,0,0]},"f":{"1":0,"2":0},"fnMap":{"1":{"name":"(anonymous_1)","line":6,"loc":{"start":{"line":6,"column":17},"end":{"line":6,"column":33}}},"2":{"name":"(anonymous_2)","line":15,"loc":{"start":{"line":15,"column":11},"end":{"line":15,"column":22}}}},"statementMap":{"1":{"start":{"line":2,"column":0},"end":{"line":2,"column":7}},"2":{"start":{"line":4,"column":0},"end":{"line":4,"column":19}},"3":{"start":{"line":6,"column":0},"end":{"line":40,"column":2}},"4":{"start":{"line":7,"column":2},"end":{"line":7,"column":129}},"5":{"start":{"line":8,"column":2},"end":{"line":8,"column":32}},"6":{"start":{"line":9,"column":2},"end":{"line":9,"column":62}},"7":{"start":{"line":10,"column":2},"end":{"line":10,"column":69}},"8":{"start":{"line":11,"column":2},"end":{"line":11,"column":26}},"9":{"start":{"line":12,"column":2},"end":{"line":12,"column":26}},"10":{"start":{"line":13,"column":2},"end":{"line":13,"column":26}},"11":{"start":{"line":14,"column":2},"end":{"line":14,"column":26}},"12":{"start":{"line":15,"column":2},"end":{"line":19,"column":17}},"13":{"start":{"line":16,"column":4},"end":{"line":16,"column":17}},"14":{"start":{"line":17,"column":4},"end":{"line":17,"column":50}},"15":{"start":{"line":17,"column":32},"end":{"line":17,"column":48}},"16":{"start":{"line":18,"column":4},"end":{"line":18,"column":19}},"17":{"start":{"line":20,"column":2},"end":{"line":22,"column":3}},"18":{"start":{"line":21,"column":4},"end":{"line":21,"column":17}},"19":{"start":{"line":23,"column":2},"end":{"line":25,"column":3}},"20":{"start":{"line":24,"column":4},"end":{"line":24,"column":34}},"21":{"start":{"line":26,"column":2},"end":{"line":26,"column":66}},"22":{"start":{"line":27,"column":2},"end":{"line":27,"column":38}},"23":{"start":{"line":28,"column":2},"end":{"line":28,"column":29}},"24":{"start":{"line":29,"column":2},"end":{"line":29,"column":27}},"25":{"start":{"line":30,"column":2},"end":{"line":30,"column":66}},"26":{"start":{"line":31,"column":2},"end":{"line":36,"column":3}},"27":{"start":{"line":32,"column":4},"end":{"line":32,"column":18}},"28":{"start":{"line":33,"column":4},"end":{"line":35,"column":5}},"29":{"start":{"line":34,"column":6},"end":{"line":34,"column":28}},"30":{"start":{"line":37,"column":2},"end":{"line":37,"column":27}},"31":{"start":{"line":38,"column":2},"end":{"line":38,"column":29}},"32":{"start":{"line":39,"column":2},"end":{"line":39,"column":39}}},"branchMap":{"1":{"line":33,"type":"if","locations":[{"start":{"line":33,"column":4},"end":{"line":33,"column":4}},{"start":{"line":33,"column":4},"end":{"line":33,"column":4}}]},"2":{"line":33,"type":"binary-expr","locations":[{"start":{"line":33,"column":8},"end":{"line":33,"column":25}},{"start":{"line":33,"column":29},"end":{"line":33,"column":43}},{"start":{"line":33,"column":47},"end":{"line":33,"column":62}}]}},"code":["// Generated by CoffeeScript 1.10.0","var dv;","","dv = require('dv');","","module.exports = function(image) {","  var curve, darkValueMask, deltaV, desaturatedMask, h, hsv, i, j, k, l, len, protectionMask, rect, ref, results, s, v, vOrig, x;","  hsv = image.toColor().toHSV();","  desaturatedMask = hsv.inRange(0, 0, 0, 239, 0.1 * 255, 255);","  darkValueMask = hsv.inRange(0, 0, 0, 239, 255, 0.5 * 255).invert();","  h = hsv.toGray(1, 0, 0);","  s = hsv.toGray(0, 1, 0);","  v = hsv.toGray(0, 0, 1);","  vOrig = new dv.Image(v);","  curve = (function() {","    results = [];","    for (i = 0; i <= 255; i++){ results.push(i); }","    return results;","  }).apply(this);","  for (x = j = 0; j <= 199; x = ++j) {","    curve[x] = 0;","  }","  for (x = k = 0; k <= 54; x = ++k) {","    curve[x + 200] = x / 54 * 220;","  }","  protectionMask = desaturatedMask.and(darkValueMask.erode(5, 5));","  v.applyCurve(curve, protectionMask);","  deltaV = vOrig.subtract(v);","  deltaV = deltaV.invert();","  ref = deltaV.threshold(254).dilate(5, 5).connectedComponents(8);","  for (l = 0, len = ref.length; l < len; l++) {","    rect = ref[l];","    if (rect.height > 100 || rect.width < 5 || rect.height < 5) {","      deltaV.clearBox(rect);","    }","  }","  deltaV = deltaV.invert();","  v = vOrig.subtract(deltaV);","  return new dv.Image(h, s, v).toRGB();","};",""],"l":{"2":2,"4":2,"6":0,"7":0,"8":0,"9":0,"10":0,"11":0,"12":0,"13":0,"14":0,"15":0,"16":0,"17":0,"18":0,"20":0,"21":0,"23":0,"24":0,"26":0,"27":0,"28":0,"29":0,"30":0,"31":0,"32":0,"33":0,"34":0,"37":0,"38":0,"39":0}},"/home/travis/build/npmtest/node-npmtest-fv/node_modules/fv/lib/filters/deskew.js":{"path":"/home/travis/build/npmtest/node-npmtest-fv/node_modules/fv/lib/filters/deskew.js","s":{"1":2,"2":2,"3":0,"4":0,"5":0,"6":0,"7":0,"8":0,"9":0,"10":0,"11":0,"12":0},"b":{"1":[0,0],"2":[0,0]},"f":{"1":0},"fnMap":{"1":{"name":"(anonymous_1)","line":6,"loc":{"start":{"line":6,"column":17},"end":{"line":6,"column":33}}}},"statementMap":{"1":{"start":{"line":2,"column":0},"end":{"line":2,"column":7}},"2":{"start":{"line":4,"column":0},"end":{"line":4,"column":19}},"3":{"start":{"line":6,"column":0},"end":{"line":19,"column":2}},"4":{"start":{"line":7,"column":2},"end":{"line":7,"column":38}},"5":{"start":{"line":8,"column":2},"end":{"line":8,"column":29}},"6":{"start":{"line":9,"column":2},"end":{"line":9,"column":78}},"7":{"start":{"line":10,"column":2},"end":{"line":10,"column":41}},"8":{"start":{"line":11,"column":2},"end":{"line":13,"column":3}},"9":{"start":{"line":12,"column":4},"end":{"line":12,"column":13}},"10":{"start":{"line":14,"column":2},"end":{"line":18,"column":3}},"11":{"start":{"line":15,"column":4},"end":{"line":15,"column":30}},"12":{"start":{"line":17,"column":4},"end":{"line":17,"column":31}}},"branchMap":{"1":{"line":11,"type":"if","locations":[{"start":{"line":11,"column":2},"end":{"line":11,"column":2}},{"start":{"line":11,"column":2},"end":{"line":11,"column":2}}]},"2":{"line":14,"type":"if","locations":[{"start":{"line":14,"column":2},"end":{"line":14,"column":2}},{"start":{"line":14,"column":2},"end":{"line":14,"column":2}}]}},"code":["// Generated by CoffeeScript 1.10.0","var dv;","","dv = require('dv');","","module.exports = function(image) {","  var binarizedImage, grayImage, skew;","  grayImage = image.toGray();","  binarizedImage = grayImage.otsuAdaptiveThreshold(400, 400, 0, 0, 0.1).image;","  skew = binarizedImage.findSkew().angle;","  if (Math.abs(skew) < 0.15) {","    skew = 0;","  }","  if (skew) {","    return image.rotate(skew);","  } else {","    return new dv.Image(image);","  }","};",""],"l":{"2":2,"4":2,"6":0,"7":0,"8":0,"9":0,"10":0,"11":0,"12":0,"14":0,"15":0,"17":0}},"/home/travis/build/npmtest/node-npmtest-fv/node_modules/fv/lib/filters/filter_background.js":{"path":"/home/travis/build/npmtest/node-npmtest-fv/node_modules/fv/lib/filters/filter_background.js","s":{"1":1,"2":0,"3":0,"4":0,"5":0,"6":0},"b":{},"f":{"1":0},"fnMap":{"1":{"name":"(anonymous_1)","line":2,"loc":{"start":{"line":2,"column":17},"end":{"line":2,"column":56}}}},"statementMap":{"1":{"start":{"line":2,"column":0},"end":{"line":8,"column":2}},"2":{"start":{"line":3,"column":2},"end":{"line":3,"column":33}},"3":{"start":{"line":4,"column":2},"end":{"line":4,"column":118}},"4":{"start":{"line":5,"column":2},"end":{"line":5,"column":54}},"5":{"start":{"line":6,"column":2},"end":{"line":6,"column":61}},"6":{"start":{"line":7,"column":2},"end":{"line":7,"column":20}}},"branchMap":{},"code":["// Generated by CoffeeScript 1.10.0","module.exports = function(image, fontWidth, fontHeight) {","  var backgroundMask, foreground;","  backgroundMask = image.toGray().close(fontWidth, fontHeight).convolve(fontWidth * 1.33, fontHeight * 1.33).invert();","  backgroundMask = backgroundMask.add(backgroundMask);","  foreground = image.toColor().add(backgroundMask.toColor());","  return foreground;","};",""],"l":{"2":1,"3":0,"4":0,"5":0,"6":0,"7":0}},"/home/travis/build/npmtest/node-npmtest-fv/node_modules/fv/lib/filters/remove_red.js":{"path":"/home/travis/build/npmtest/node-npmtest-fv/node_modules/fv/lib/filters/remove_red.js","s":{"1":1,"2":1,"3":1,"4":0,"5":0,"6":0,"7":0,"8":0,"9":0,"10":0,"11":0,"12":0,"13":0,"14":0},"b":{},"f":{"1":0},"fnMap":{"1":{"name":"(anonymous_1)","line":6,"loc":{"start":{"line":6,"column":17},"end":{"line":6,"column":33}}}},"statementMap":{"1":{"start":{"line":2,"column":0},"end":{"line":2,"column":21}},"2":{"start":{"line":4,"column":0},"end":{"line":4,"column":50}},"3":{"start":{"line":6,"column":0},"end":{"line":18,"column":2}},"4":{"start":{"line":7,"column":2},"end":{"line":7,"column":82}},"5":{"start":{"line":8,"column":2},"end":{"line":8,"column":48}},"6":{"start":{"line":9,"column":2},"end":{"line":9,"column":109}},"7":{"start":{"line":10,"column":2},"end":{"line":10,"column":68}},"8":{"start":{"line":11,"column":2},"end":{"line":11,"column":91}},"9":{"start":{"line":12,"column":2},"end":{"line":12,"column":30}},"10":{"start":{"line":13,"column":2},"end":{"line":13,"column":35}},"11":{"start":{"line":14,"column":2},"end":{"line":14,"column":46}},"12":{"start":{"line":15,"column":2},"end":{"line":15,"column":60}},"13":{"start":{"line":16,"column":2},"end":{"line":16,"column":44}},"14":{"start":{"line":17,"column":2},"end":{"line":17,"column":20}}},"branchMap":{},"code":["// Generated by CoffeeScript 1.10.0","var filterBackground;","","filterBackground = require('./filter_background');","","module.exports = function(image) {","  var cyan, desaturatedMask, foreground, formMask, hsv, nearInkMask, red, redMask;","  hsv = filterBackground(image, 25, 35).toHSV();","  nearInkMask = hsv.inRange(0, 0, 0, 255, 10, 0.9 * 255).dilate(9, 11).erode(11, 11).dilate(11, 11).toGray();","  desaturatedMask = hsv.inRange(0, 0, 0, 239, 0.3 * 255, 0.9 * 255);","  desaturatedMask = desaturatedMask.toGray().convolve(2, 2).invert().subtract(nearInkMask);","  red = image.toGray(1, 0, 0);","  cyan = image.toGray(0, 0.5, 0.5);","  redMask = red.subtract(cyan).convolve(1, 1);","  formMask = redMask.add(redMask).subtract(desaturatedMask);","  foreground = image.toGray().add(formMask);","  return foreground;","};",""],"l":{"2":1,"4":1,"6":1,"7":0,"8":0,"9":0,"10":0,"11":0,"12":0,"13":0,"14":0,"15":0,"16":0,"17":0}}}